[0.575s] Invoking command in '/home/upsilon/colcon_ws/rins-upsilon/upsilon': DEBUGINFOD_URLS=https://debuginfod.ubuntu.com PYTHONPATH=/home/upsilon/colcon_ws/rins-upsilon/build/upsilon/prefix_override:/usr/lib/python3/dist-packages/colcon_core/task/python/colcon_distutils_commands:/home/upsilon/colcon_ws/rins-upsilon/install/upsilon/lib/python3.12/site-packages:${PYTHONPATH} /usr/bin/python3 -W ignore:setup.py install is deprecated -W ignore:easy_install command is deprecated setup.py egg_info --egg-base ../build/upsilon build --build-base /home/upsilon/colcon_ws/rins-upsilon/build/upsilon/build install --record /home/upsilon/colcon_ws/rins-upsilon/build/upsilon/install.log --single-version-externally-managed install_data
[0.764s] running egg_info
[0.779s] writing ../build/upsilon/upsilon.egg-info/PKG-INFO
[0.779s] writing dependency_links to ../build/upsilon/upsilon.egg-info/dependency_links.txt
[0.779s] writing entry points to ../build/upsilon/upsilon.egg-info/entry_points.txt
[0.779s] writing requirements to ../build/upsilon/upsilon.egg-info/requires.txt
[0.779s] writing top-level names to ../build/upsilon/upsilon.egg-info/top_level.txt
[0.809s] reading manifest file '../build/upsilon/upsilon.egg-info/SOURCES.txt'
[0.810s] writing manifest file '../build/upsilon/upsilon.egg-info/SOURCES.txt'
[0.810s] running build
[0.810s] running build_py
[0.810s] copying upsilon/anomaly_model.py -> /home/upsilon/colcon_ws/rins-upsilon/build/upsilon/build/lib/upsilon
[0.810s] copying upsilon/visualizer.py -> /home/upsilon/colcon_ws/rins-upsilon/build/upsilon/build/lib/upsilon
[0.810s] copying upsilon/tile_detection.py -> /home/upsilon/colcon_ws/rins-upsilon/build/upsilon/build/lib/upsilon
[0.810s] copying upsilon/anomaly_detector.py -> /home/upsilon/colcon_ws/rins-upsilon/build/upsilon/build/lib/upsilon
[0.810s] running install
[0.815s] running install_lib
[0.830s] copying /home/upsilon/colcon_ws/rins-upsilon/build/upsilon/build/lib/upsilon/anomaly_model.py -> /home/upsilon/colcon_ws/rins-upsilon/install/upsilon/lib/python3.12/site-packages/upsilon
[0.830s] copying /home/upsilon/colcon_ws/rins-upsilon/build/upsilon/build/lib/upsilon/visualizer.py -> /home/upsilon/colcon_ws/rins-upsilon/install/upsilon/lib/python3.12/site-packages/upsilon
[0.830s] copying /home/upsilon/colcon_ws/rins-upsilon/build/upsilon/build/lib/upsilon/tile_detection.py -> /home/upsilon/colcon_ws/rins-upsilon/install/upsilon/lib/python3.12/site-packages/upsilon
[0.830s] copying /home/upsilon/colcon_ws/rins-upsilon/build/upsilon/build/lib/upsilon/anomaly_detector.py -> /home/upsilon/colcon_ws/rins-upsilon/install/upsilon/lib/python3.12/site-packages/upsilon
[0.830s] byte-compiling /home/upsilon/colcon_ws/rins-upsilon/install/upsilon/lib/python3.12/site-packages/upsilon/anomaly_model.py to anomaly_model.cpython-312.pyc
[0.831s] byte-compiling /home/upsilon/colcon_ws/rins-upsilon/install/upsilon/lib/python3.12/site-packages/upsilon/visualizer.py to visualizer.cpython-312.pyc
[0.832s] byte-compiling /home/upsilon/colcon_ws/rins-upsilon/install/upsilon/lib/python3.12/site-packages/upsilon/tile_detection.py to tile_detection.cpython-312.pyc
[0.833s] byte-compiling /home/upsilon/colcon_ws/rins-upsilon/install/upsilon/lib/python3.12/site-packages/upsilon/anomaly_detector.py to anomaly_detector.cpython-312.pyc
[0.834s] running install_data
[0.834s] copying launch/task2_teleop.launch.py -> /home/upsilon/colcon_ws/rins-upsilon/install/upsilon/share/upsilon/launch
[0.834s] running install_egg_info
[0.849s] removing '/home/upsilon/colcon_ws/rins-upsilon/install/upsilon/lib/python3.12/site-packages/upsilon-0.1.0-py3.12.egg-info' (and everything under it)
[0.850s] Copying ../build/upsilon/upsilon.egg-info to /home/upsilon/colcon_ws/rins-upsilon/install/upsilon/lib/python3.12/site-packages/upsilon-0.1.0-py3.12.egg-info
[0.850s] running install_scripts
[0.944s] Installing anomaly_detector script to /home/upsilon/colcon_ws/rins-upsilon/install/upsilon/lib/upsilon
[0.944s] Installing blue_line_detector script to /home/upsilon/colcon_ws/rins-upsilon/install/upsilon/lib/upsilon
[0.944s] Installing blue_line_follower script to /home/upsilon/colcon_ws/rins-upsilon/install/upsilon/lib/upsilon
[0.944s] Installing camera_viewer script to /home/upsilon/colcon_ws/rins-upsilon/install/upsilon/lib/upsilon
[0.944s] Installing controller script to /home/upsilon/colcon_ws/rins-upsilon/install/upsilon/lib/upsilon
[0.944s] Installing cylinder_detector_task2 script to /home/upsilon/colcon_ws/rins-upsilon/install/upsilon/lib/upsilon
[0.944s] Installing face_detector script to /home/upsilon/colcon_ws/rins-upsilon/install/upsilon/lib/upsilon
[0.944s] Installing face_detector_task2 script to /home/upsilon/colcon_ws/rins-upsilon/install/upsilon/lib/upsilon
[0.944s] Installing ring_detector script to /home/upsilon/colcon_ws/rins-upsilon/install/upsilon/lib/upsilon
[0.944s] Installing ring_detector2 script to /home/upsilon/colcon_ws/rins-upsilon/install/upsilon/lib/upsilon
[0.944s] Installing ring_detector_task2 script to /home/upsilon/colcon_ws/rins-upsilon/install/upsilon/lib/upsilon
[0.944s] Installing speech script to /home/upsilon/colcon_ws/rins-upsilon/install/upsilon/lib/upsilon
[0.944s] Installing tile_detection script to /home/upsilon/colcon_ws/rins-upsilon/install/upsilon/lib/upsilon
[0.945s] Installing visualizer script to /home/upsilon/colcon_ws/rins-upsilon/install/upsilon/lib/upsilon
[0.945s] Installing wasd_teleop script to /home/upsilon/colcon_ws/rins-upsilon/install/upsilon/lib/upsilon
[0.945s] writing list of installed files to '/home/upsilon/colcon_ws/rins-upsilon/build/upsilon/install.log'
[0.961s] Invoked command in '/home/upsilon/colcon_ws/rins-upsilon/upsilon' returned '0': DEBUGINFOD_URLS=https://debuginfod.ubuntu.com PYTHONPATH=/home/upsilon/colcon_ws/rins-upsilon/build/upsilon/prefix_override:/usr/lib/python3/dist-packages/colcon_core/task/python/colcon_distutils_commands:/home/upsilon/colcon_ws/rins-upsilon/install/upsilon/lib/python3.12/site-packages:${PYTHONPATH} /usr/bin/python3 -W ignore:setup.py install is deprecated -W ignore:easy_install command is deprecated setup.py egg_info --egg-base ../build/upsilon build --build-base /home/upsilon/colcon_ws/rins-upsilon/build/upsilon/build install --record /home/upsilon/colcon_ws/rins-upsilon/build/upsilon/install.log --single-version-externally-managed install_data
