[0.160s] DEBUG:colcon:Command line arguments: ['/usr/bin/colcon', 'build', '--packages-select', 'upsilon', '--symlink-install']
[0.161s] DEBUG:colcon:Parsed command line arguments: Namespace(log_base=None, log_level=None, verb_name='build', build_base='build', install_base='install', merge_install=False, symlink_install=True, test_result_base=None, continue_on_error=False, executor='parallel', parallel_workers=16, event_handlers=None, ignore_user_meta=False, metas=['./colcon.meta'], base_paths=['.'], packages_ignore=None, packages_ignore_regex=None, paths=None, packages_up_to=None, packages_up_to_regex=None, packages_above=None, packages_above_and_dependencies=None, packages_above_depth=None, packages_select_by_dep=None, packages_skip_by_dep=None, packages_skip_up_to=None, packages_select_build_failed=False, packages_skip_build_finished=False, packages_select_test_failures=False, packages_skip_test_passed=False, packages_select=['upsilon'], packages_skip=None, packages_select_regex=None, packages_skip_regex=None, packages_start=None, packages_end=None, allow_overriding=[], cmake_args=None, cmake_target=None, cmake_target_skip_unavailable=False, cmake_clean_cache=False, cmake_clean_first=False, cmake_force_configure=False, ament_cmake_args=None, catkin_cmake_args=None, catkin_skip_building_tests=False, mixin_files=None, mixin=None, verb_parser=<colcon_mixin.mixin.mixin_argument.MixinArgumentDecorator object at 0x72b301f87f50>, verb_extension=<colcon_core.verb.build.BuildVerb object at 0x72b3020a7fb0>, main=<bound method BuildVerb.main of <colcon_core.verb.build.BuildVerb object at 0x72b3020a7fb0>>, mixin_verb=('build',))
[0.224s] Level 1:colcon.colcon_core.package_discovery:discover_packages(colcon_meta) check parameters
[0.225s] Level 1:colcon.colcon_core.package_discovery:discover_packages(recursive) check parameters
[0.225s] Level 1:colcon.colcon_core.package_discovery:discover_packages(ignore) check parameters
[0.226s] Level 1:colcon.colcon_core.package_discovery:discover_packages(path) check parameters
[0.226s] Level 1:colcon.colcon_core.package_discovery:discover_packages(colcon_meta) discover
[0.226s] Level 1:colcon.colcon_core.package_discovery:discover_packages(recursive) discover
[0.226s] INFO:colcon.colcon_core.package_discovery:Crawling recursively for packages in '/home/upsilon/colcon_ws/rins-upsilon'
[0.226s] Level 1:colcon.colcon_core.package_identification:_identify(.) by extensions ['ignore', 'ignore_ament_install']
[0.227s] Level 1:colcon.colcon_core.package_identification:_identify(.) by extension 'ignore'
[0.227s] Level 1:colcon.colcon_core.package_identification:_identify(.) by extension 'ignore_ament_install'
[0.227s] Level 1:colcon.colcon_core.package_identification:_identify(.) by extensions ['colcon_pkg']
[0.227s] Level 1:colcon.colcon_core.package_identification:_identify(.) by extension 'colcon_pkg'
[0.227s] Level 1:colcon.colcon_core.package_identification:_identify(.) by extensions ['colcon_meta']
[0.227s] Level 1:colcon.colcon_core.package_identification:_identify(.) by extension 'colcon_meta'
[0.227s] Level 1:colcon.colcon_core.package_identification:_identify(.) by extensions ['ros']
[0.227s] Level 1:colcon.colcon_core.package_identification:_identify(.) by extension 'ros'
[0.265s] Level 1:colcon.colcon_core.package_identification:_identify(.) by extensions ['cmake', 'python']
[0.265s] Level 1:colcon.colcon_core.package_identification:_identify(.) by extension 'cmake'
[0.265s] Level 1:colcon.colcon_core.package_identification:_identify(.) by extension 'python'
[0.266s] Level 1:colcon.colcon_core.package_identification:_identify(.) by extensions ['python_setup_py']
[0.266s] Level 1:colcon.colcon_core.package_identification:_identify(.) by extension 'python_setup_py'
[0.266s] Level 1:colcon.colcon_core.package_identification:_identify(build) by extensions ['ignore', 'ignore_ament_install']
[0.266s] Level 1:colcon.colcon_core.package_identification:_identify(build) by extension 'ignore'
[0.266s] Level 1:colcon.colcon_core.package_identification:_identify(build) ignored
[0.266s] Level 1:colcon.colcon_core.package_identification:_identify(dis_tutorial1) by extensions ['ignore', 'ignore_ament_install']
[0.266s] Level 1:colcon.colcon_core.package_identification:_identify(dis_tutorial1) by extension 'ignore'
[0.266s] Level 1:colcon.colcon_core.package_identification:_identify(dis_tutorial1) by extension 'ignore_ament_install'
[0.266s] Level 1:colcon.colcon_core.package_identification:_identify(dis_tutorial1) by extensions ['colcon_pkg']
[0.266s] Level 1:colcon.colcon_core.package_identification:_identify(dis_tutorial1) by extension 'colcon_pkg'
[0.266s] Level 1:colcon.colcon_core.package_identification:_identify(dis_tutorial1) by extensions ['colcon_meta']
[0.267s] Level 1:colcon.colcon_core.package_identification:_identify(dis_tutorial1) by extension 'colcon_meta'
[0.267s] Level 1:colcon.colcon_core.package_identification:_identify(dis_tutorial1) by extensions ['ros']
[0.267s] Level 1:colcon.colcon_core.package_identification:_identify(dis_tutorial1) by extension 'ros'
[0.267s] Level 1:colcon.colcon_core.package_identification:_identify(dis_tutorial1) by extensions ['cmake', 'python']
[0.267s] Level 1:colcon.colcon_core.package_identification:_identify(dis_tutorial1) by extension 'cmake'
[0.267s] Level 1:colcon.colcon_core.package_identification:_identify(dis_tutorial1) by extension 'python'
[0.267s] Level 1:colcon.colcon_core.package_identification:_identify(dis_tutorial1) by extensions ['python_setup_py']
[0.267s] Level 1:colcon.colcon_core.package_identification:_identify(dis_tutorial1) by extension 'python_setup_py'
[0.267s] Level 1:colcon.colcon_core.package_identification:_identify(dis_tutorial2) by extensions ['ignore', 'ignore_ament_install']
[0.267s] Level 1:colcon.colcon_core.package_identification:_identify(dis_tutorial2) by extension 'ignore'
[0.267s] Level 1:colcon.colcon_core.package_identification:_identify(dis_tutorial2) by extension 'ignore_ament_install'
[0.267s] Level 1:colcon.colcon_core.package_identification:_identify(dis_tutorial2) by extensions ['colcon_pkg']
[0.267s] Level 1:colcon.colcon_core.package_identification:_identify(dis_tutorial2) by extension 'colcon_pkg'
[0.267s] Level 1:colcon.colcon_core.package_identification:_identify(dis_tutorial2) by extensions ['colcon_meta']
[0.267s] Level 1:colcon.colcon_core.package_identification:_identify(dis_tutorial2) by extension 'colcon_meta'
[0.267s] Level 1:colcon.colcon_core.package_identification:_identify(dis_tutorial2) by extensions ['ros']
[0.267s] Level 1:colcon.colcon_core.package_identification:_identify(dis_tutorial2) by extension 'ros'
[0.267s] Level 1:colcon.colcon_core.package_identification:_identify(dis_tutorial2) by extensions ['cmake', 'python']
[0.267s] Level 1:colcon.colcon_core.package_identification:_identify(dis_tutorial2) by extension 'cmake'
[0.267s] Level 1:colcon.colcon_core.package_identification:_identify(dis_tutorial2) by extension 'python'
[0.267s] Level 1:colcon.colcon_core.package_identification:_identify(dis_tutorial2) by extensions ['python_setup_py']
[0.267s] Level 1:colcon.colcon_core.package_identification:_identify(dis_tutorial2) by extension 'python_setup_py'
[0.268s] Level 1:colcon.colcon_core.package_identification:_identify(dis_tutorial3) by extensions ['ignore', 'ignore_ament_install']
[0.268s] Level 1:colcon.colcon_core.package_identification:_identify(dis_tutorial3) by extension 'ignore'
[0.268s] Level 1:colcon.colcon_core.package_identification:_identify(dis_tutorial3) by extension 'ignore_ament_install'
[0.268s] Level 1:colcon.colcon_core.package_identification:_identify(dis_tutorial3) by extensions ['colcon_pkg']
[0.268s] Level 1:colcon.colcon_core.package_identification:_identify(dis_tutorial3) by extension 'colcon_pkg'
[0.268s] Level 1:colcon.colcon_core.package_identification:_identify(dis_tutorial3) by extensions ['colcon_meta']
[0.268s] Level 1:colcon.colcon_core.package_identification:_identify(dis_tutorial3) by extension 'colcon_meta'
[0.268s] Level 1:colcon.colcon_core.package_identification:_identify(dis_tutorial3) by extensions ['ros']
[0.268s] Level 1:colcon.colcon_core.package_identification:_identify(dis_tutorial3) by extension 'ros'
[0.268s] Level 1:colcon.colcon_core.package_identification:_identify(dis_tutorial3) by extensions ['cmake', 'python']
[0.268s] Level 1:colcon.colcon_core.package_identification:_identify(dis_tutorial3) by extension 'cmake'
[0.268s] Level 1:colcon.colcon_core.package_identification:_identify(dis_tutorial3) by extension 'python'
[0.268s] Level 1:colcon.colcon_core.package_identification:_identify(dis_tutorial3) by extensions ['python_setup_py']
[0.268s] Level 1:colcon.colcon_core.package_identification:_identify(dis_tutorial3) by extension 'python_setup_py'
[0.268s] Level 1:colcon.colcon_core.package_identification:_identify(dis_tutorial4) by extensions ['ignore', 'ignore_ament_install']
[0.268s] Level 1:colcon.colcon_core.package_identification:_identify(dis_tutorial4) by extension 'ignore'
[0.269s] Level 1:colcon.colcon_core.package_identification:_identify(dis_tutorial4) by extension 'ignore_ament_install'
[0.269s] Level 1:colcon.colcon_core.package_identification:_identify(dis_tutorial4) by extensions ['colcon_pkg']
[0.269s] Level 1:colcon.colcon_core.package_identification:_identify(dis_tutorial4) by extension 'colcon_pkg'
[0.269s] Level 1:colcon.colcon_core.package_identification:_identify(dis_tutorial4) by extensions ['colcon_meta']
[0.269s] Level 1:colcon.colcon_core.package_identification:_identify(dis_tutorial4) by extension 'colcon_meta'
[0.269s] Level 1:colcon.colcon_core.package_identification:_identify(dis_tutorial4) by extensions ['ros']
[0.269s] Level 1:colcon.colcon_core.package_identification:_identify(dis_tutorial4) by extension 'ros'
[0.269s] Level 1:colcon.colcon_core.package_identification:_identify(dis_tutorial4) by extensions ['cmake', 'python']
[0.269s] Level 1:colcon.colcon_core.package_identification:_identify(dis_tutorial4) by extension 'cmake'
[0.269s] Level 1:colcon.colcon_core.package_identification:_identify(dis_tutorial4) by extension 'python'
[0.269s] Level 1:colcon.colcon_core.package_identification:_identify(dis_tutorial4) by extensions ['python_setup_py']
[0.269s] Level 1:colcon.colcon_core.package_identification:_identify(dis_tutorial4) by extension 'python_setup_py'
[0.269s] Level 1:colcon.colcon_core.package_identification:_identify(dis_tutorial5) by extensions ['ignore', 'ignore_ament_install']
[0.269s] Level 1:colcon.colcon_core.package_identification:_identify(dis_tutorial5) by extension 'ignore'
[0.269s] Level 1:colcon.colcon_core.package_identification:_identify(dis_tutorial5) by extension 'ignore_ament_install'
[0.269s] Level 1:colcon.colcon_core.package_identification:_identify(dis_tutorial5) by extensions ['colcon_pkg']
[0.269s] Level 1:colcon.colcon_core.package_identification:_identify(dis_tutorial5) by extension 'colcon_pkg'
[0.269s] Level 1:colcon.colcon_core.package_identification:_identify(dis_tutorial5) by extensions ['colcon_meta']
[0.269s] Level 1:colcon.colcon_core.package_identification:_identify(dis_tutorial5) by extension 'colcon_meta'
[0.269s] Level 1:colcon.colcon_core.package_identification:_identify(dis_tutorial5) by extensions ['ros']
[0.269s] Level 1:colcon.colcon_core.package_identification:_identify(dis_tutorial5) by extension 'ros'
[0.270s] Level 1:colcon.colcon_core.package_identification:_identify(dis_tutorial5) by extensions ['cmake', 'python']
[0.270s] Level 1:colcon.colcon_core.package_identification:_identify(dis_tutorial5) by extension 'cmake'
[0.270s] Level 1:colcon.colcon_core.package_identification:_identify(dis_tutorial5) by extension 'python'
[0.270s] Level 1:colcon.colcon_core.package_identification:_identify(dis_tutorial5) by extensions ['python_setup_py']
[0.270s] Level 1:colcon.colcon_core.package_identification:_identify(dis_tutorial5) by extension 'python_setup_py'
[0.270s] Level 1:colcon.colcon_core.package_identification:_identify(install) by extensions ['ignore', 'ignore_ament_install']
[0.270s] Level 1:colcon.colcon_core.package_identification:_identify(install) by extension 'ignore'
[0.270s] Level 1:colcon.colcon_core.package_identification:_identify(install) ignored
[0.270s] Level 1:colcon.colcon_core.package_identification:_identify(instructions) by extensions ['ignore', 'ignore_ament_install']
[0.270s] Level 1:colcon.colcon_core.package_identification:_identify(instructions) by extension 'ignore'
[0.270s] Level 1:colcon.colcon_core.package_identification:_identify(instructions) by extension 'ignore_ament_install'
[0.270s] Level 1:colcon.colcon_core.package_identification:_identify(instructions) by extensions ['colcon_pkg']
[0.270s] Level 1:colcon.colcon_core.package_identification:_identify(instructions) by extension 'colcon_pkg'
[0.270s] Level 1:colcon.colcon_core.package_identification:_identify(instructions) by extensions ['colcon_meta']
[0.270s] Level 1:colcon.colcon_core.package_identification:_identify(instructions) by extension 'colcon_meta'
[0.270s] Level 1:colcon.colcon_core.package_identification:_identify(instructions) by extensions ['ros']
[0.270s] Level 1:colcon.colcon_core.package_identification:_identify(instructions) by extension 'ros'
[0.270s] Level 1:colcon.colcon_core.package_identification:_identify(instructions) by extensions ['cmake', 'python']
[0.270s] Level 1:colcon.colcon_core.package_identification:_identify(instructions) by extension 'cmake'
[0.270s] Level 1:colcon.colcon_core.package_identification:_identify(instructions) by extension 'python'
[0.271s] Level 1:colcon.colcon_core.package_identification:_identify(instructions) by extensions ['python_setup_py']
[0.271s] Level 1:colcon.colcon_core.package_identification:_identify(instructions) by extension 'python_setup_py'
[0.271s] Level 1:colcon.colcon_core.package_identification:_identify(log) by extensions ['ignore', 'ignore_ament_install']
[0.271s] Level 1:colcon.colcon_core.package_identification:_identify(log) by extension 'ignore'
[0.271s] Level 1:colcon.colcon_core.package_identification:_identify(log) ignored
[0.271s] Level 1:colcon.colcon_core.package_identification:_identify(upsilon) by extensions ['ignore', 'ignore_ament_install']
[0.271s] Level 1:colcon.colcon_core.package_identification:_identify(upsilon) by extension 'ignore'
[0.271s] Level 1:colcon.colcon_core.package_identification:_identify(upsilon) by extension 'ignore_ament_install'
[0.271s] Level 1:colcon.colcon_core.package_identification:_identify(upsilon) by extensions ['colcon_pkg']
[0.271s] Level 1:colcon.colcon_core.package_identification:_identify(upsilon) by extension 'colcon_pkg'
[0.271s] Level 1:colcon.colcon_core.package_identification:_identify(upsilon) by extensions ['colcon_meta']
[0.271s] Level 1:colcon.colcon_core.package_identification:_identify(upsilon) by extension 'colcon_meta'
[0.271s] Level 1:colcon.colcon_core.package_identification:_identify(upsilon) by extensions ['ros']
[0.271s] Level 1:colcon.colcon_core.package_identification:_identify(upsilon) by extension 'ros'
[0.276s] DEBUG:colcon.colcon_core.package_identification:Package 'upsilon' with type 'ros.ament_python' and name 'upsilon'
[0.277s] Level 1:colcon.colcon_core.package_discovery:discover_packages(recursive) using defaults
[0.277s] Level 1:colcon.colcon_core.package_discovery:discover_packages(ignore) discover
[0.277s] Level 1:colcon.colcon_core.package_discovery:discover_packages(ignore) using defaults
[0.277s] Level 1:colcon.colcon_core.package_discovery:discover_packages(path) discover
[0.277s] Level 1:colcon.colcon_core.package_discovery:discover_packages(path) using defaults
[0.303s] Level 1:colcon.colcon_core.package_discovery:discover_packages(prefix_path) check parameters
[0.303s] Level 1:colcon.colcon_core.package_discovery:discover_packages(prefix_path) discover
[0.305s] DEBUG:colcon.colcon_installed_package_information.package_discovery:Found 4 installed packages in /home/upsilon/colcon_ws/install
[0.306s] DEBUG:colcon.colcon_installed_package_information.package_discovery:Found 1 installed packages in /home/upsilon/colcon_ws/rins-upsilon/install
[0.307s] DEBUG:colcon.colcon_installed_package_information.package_discovery:Found 463 installed packages in /opt/ros/jazzy
[0.309s] Level 1:colcon.colcon_core.package_discovery:discover_packages(prefix_path) using defaults
[0.387s] Level 5:colcon.colcon_core.verb:set package 'upsilon' build argument 'cmake_args' from command line to 'None'
[0.387s] Level 5:colcon.colcon_core.verb:set package 'upsilon' build argument 'cmake_target' from command line to 'None'
[0.387s] Level 5:colcon.colcon_core.verb:set package 'upsilon' build argument 'cmake_target_skip_unavailable' from command line to 'False'
[0.387s] Level 5:colcon.colcon_core.verb:set package 'upsilon' build argument 'cmake_clean_cache' from command line to 'False'
[0.388s] Level 5:colcon.colcon_core.verb:set package 'upsilon' build argument 'cmake_clean_first' from command line to 'False'
[0.388s] Level 5:colcon.colcon_core.verb:set package 'upsilon' build argument 'cmake_force_configure' from command line to 'False'
[0.388s] Level 5:colcon.colcon_core.verb:set package 'upsilon' build argument 'ament_cmake_args' from command line to 'None'
[0.388s] Level 5:colcon.colcon_core.verb:set package 'upsilon' build argument 'catkin_cmake_args' from command line to 'None'
[0.388s] Level 5:colcon.colcon_core.verb:set package 'upsilon' build argument 'catkin_skip_building_tests' from command line to 'False'
[0.388s] DEBUG:colcon.colcon_core.verb:Building package 'upsilon' with the following arguments: {'ament_cmake_args': None, 'build_base': '/home/upsilon/colcon_ws/rins-upsilon/build/upsilon', 'catkin_cmake_args': None, 'catkin_skip_building_tests': False, 'cmake_args': None, 'cmake_clean_cache': False, 'cmake_clean_first': False, 'cmake_force_configure': False, 'cmake_target': None, 'cmake_target_skip_unavailable': False, 'install_base': '/home/upsilon/colcon_ws/rins-upsilon/install/upsilon', 'merge_install': False, 'path': '/home/upsilon/colcon_ws/rins-upsilon/upsilon', 'symlink_install': True, 'test_result_base': None}
[0.388s] INFO:colcon.colcon_core.executor:Executing jobs using 'parallel' executor
[0.389s] DEBUG:colcon.colcon_parallel_executor.executor.parallel:run_until_complete
[0.389s] INFO:colcon.colcon_ros.task.ament_python.build:Building ROS package in '/home/upsilon/colcon_ws/rins-upsilon/upsilon' with build type 'ament_python'
[0.389s] Level 1:colcon.colcon_core.shell:create_environment_hook('upsilon', 'ament_prefix_path')
[0.391s] INFO:colcon.colcon_core.plugin_system:Skipping extension 'colcon_core.shell.bat': Not used on non-Windows systems
[0.391s] INFO:colcon.colcon_core.shell:Creating environment hook '/home/upsilon/colcon_ws/rins-upsilon/install/upsilon/share/upsilon/hook/ament_prefix_path.ps1'
[0.392s] INFO:colcon.colcon_core.shell:Creating environment descriptor '/home/upsilon/colcon_ws/rins-upsilon/install/upsilon/share/upsilon/hook/ament_prefix_path.dsv'
[0.392s] INFO:colcon.colcon_core.shell:Creating environment hook '/home/upsilon/colcon_ws/rins-upsilon/install/upsilon/share/upsilon/hook/ament_prefix_path.sh'
[0.393s] INFO:colcon.colcon_core.shell:Skip shell extension 'powershell' for command environment: Not usable outside of PowerShell
[0.393s] DEBUG:colcon.colcon_core.shell:Skip shell extension 'dsv' for command environment
[0.781s] INFO:colcon.colcon_core.task.python.build:Building Python package in '/home/upsilon/colcon_ws/rins-upsilon/upsilon'
[0.782s] INFO:colcon.colcon_core.shell:Skip shell extension 'powershell' for command environment: Not usable outside of PowerShell
[0.782s] DEBUG:colcon.colcon_core.shell:Skip shell extension 'dsv' for command environment
[1.753s] DEBUG:colcon.colcon_core.event_handler.log_command:Invoking command in '/home/upsilon/colcon_ws/rins-upsilon/build/upsilon': DEBUGINFOD_URLS=https://debuginfod.ubuntu.com PYTHONPATH=/home/upsilon/colcon_ws/rins-upsilon/build/upsilon/prefix_override:/usr/lib/python3/dist-packages/colcon_core/task/python/colcon_distutils_commands:/home/upsilon/colcon_ws/rins-upsilon/install/upsilon/lib/python3.12/site-packages:${PYTHONPATH} /usr/bin/python3 -W ignore:setup.py install is deprecated -W ignore:easy_install command is deprecated setup.py develop --editable --build-directory /home/upsilon/colcon_ws/rins-upsilon/build/upsilon/build --no-deps symlink_data
[2.814s] Level 1:colcon.colcon_core.shell:create_environment_hook('upsilon', 'pythonpath_develop')
[2.815s] INFO:colcon.colcon_core.shell:Creating environment hook '/home/upsilon/colcon_ws/rins-upsilon/build/upsilon/share/upsilon/hook/pythonpath_develop.ps1'
[2.816s] DEBUG:colcon.colcon_core.event_handler.log_command:Invoked command in '/home/upsilon/colcon_ws/rins-upsilon/build/upsilon' returned '0': DEBUGINFOD_URLS=https://debuginfod.ubuntu.com PYTHONPATH=/home/upsilon/colcon_ws/rins-upsilon/build/upsilon/prefix_override:/usr/lib/python3/dist-packages/colcon_core/task/python/colcon_distutils_commands:/home/upsilon/colcon_ws/rins-upsilon/install/upsilon/lib/python3.12/site-packages:${PYTHONPATH} /usr/bin/python3 -W ignore:setup.py install is deprecated -W ignore:easy_install command is deprecated setup.py develop --editable --build-directory /home/upsilon/colcon_ws/rins-upsilon/build/upsilon/build --no-deps symlink_data
[2.818s] INFO:colcon.colcon_core.shell:Creating environment descriptor '/home/upsilon/colcon_ws/rins-upsilon/build/upsilon/share/upsilon/hook/pythonpath_develop.dsv'
[2.819s] INFO:colcon.colcon_core.shell:Creating environment hook '/home/upsilon/colcon_ws/rins-upsilon/build/upsilon/share/upsilon/hook/pythonpath_develop.sh'
[2.823s] Level 1:colcon.colcon_core.environment:checking '/home/upsilon/colcon_ws/rins-upsilon/install/upsilon' for CMake module files
[2.824s] Level 1:colcon.colcon_core.environment:checking '/home/upsilon/colcon_ws/rins-upsilon/install/upsilon' for CMake config files
[2.825s] Level 1:colcon.colcon_core.environment:checking '/home/upsilon/colcon_ws/rins-upsilon/install/upsilon/lib'
[2.825s] Level 1:colcon.colcon_core.environment:checking '/home/upsilon/colcon_ws/rins-upsilon/install/upsilon/bin'
[2.825s] Level 1:colcon.colcon_core.environment:checking '/home/upsilon/colcon_ws/rins-upsilon/install/upsilon/lib/pkgconfig/upsilon.pc'
[2.825s] Level 1:colcon.colcon_core.environment:checking '/home/upsilon/colcon_ws/rins-upsilon/install/upsilon/lib/python3.12/site-packages'
[2.825s] Level 1:colcon.colcon_core.shell:create_environment_hook('upsilon', 'pythonpath')
[2.827s] INFO:colcon.colcon_core.shell:Creating environment hook '/home/upsilon/colcon_ws/rins-upsilon/install/upsilon/share/upsilon/hook/pythonpath.ps1'
[2.828s] INFO:colcon.colcon_core.shell:Creating environment descriptor '/home/upsilon/colcon_ws/rins-upsilon/install/upsilon/share/upsilon/hook/pythonpath.dsv'
[2.829s] INFO:colcon.colcon_core.shell:Creating environment hook '/home/upsilon/colcon_ws/rins-upsilon/install/upsilon/share/upsilon/hook/pythonpath.sh'
[2.830s] Level 1:colcon.colcon_core.environment:checking '/home/upsilon/colcon_ws/rins-upsilon/install/upsilon/bin'
[2.830s] Level 1:colcon.colcon_core.environment:create_environment_scripts_only(upsilon)
[2.830s] INFO:colcon.colcon_core.shell:Creating package script '/home/upsilon/colcon_ws/rins-upsilon/install/upsilon/share/upsilon/package.ps1'
[2.832s] INFO:colcon.colcon_core.shell:Creating package descriptor '/home/upsilon/colcon_ws/rins-upsilon/install/upsilon/share/upsilon/package.dsv'
[2.832s] INFO:colcon.colcon_core.shell:Creating package script '/home/upsilon/colcon_ws/rins-upsilon/install/upsilon/share/upsilon/package.sh'
[2.833s] INFO:colcon.colcon_core.shell:Creating package script '/home/upsilon/colcon_ws/rins-upsilon/install/upsilon/share/upsilon/package.bash'
[2.834s] INFO:colcon.colcon_core.shell:Creating package script '/home/upsilon/colcon_ws/rins-upsilon/install/upsilon/share/upsilon/package.zsh'
[2.834s] Level 1:colcon.colcon_core.environment:create_file_with_runtime_dependencies(/home/upsilon/colcon_ws/rins-upsilon/install/upsilon/share/colcon-core/packages/upsilon)
[2.834s] DEBUG:colcon.colcon_parallel_executor.executor.parallel:closing loop
[2.835s] DEBUG:colcon.colcon_parallel_executor.executor.parallel:loop closed
[2.835s] DEBUG:colcon.colcon_parallel_executor.executor.parallel:run_until_complete finished with '0'
[2.835s] DEBUG:colcon.colcon_core.event_reactor:joining thread
[2.881s] INFO:colcon.colcon_core.plugin_system:Skipping extension 'colcon_notification.desktop_notification.terminal_notifier': Not used on non-Darwin systems
[2.881s] INFO:colcon.colcon_core.plugin_system:Skipping extension 'colcon_notification.desktop_notification.win32': Not used on non-Windows systems
[2.881s] INFO:colcon.colcon_notification.desktop_notification:Sending desktop notification using 'notify2'
[2.929s] DEBUG:colcon.colcon_core.event_reactor:joined thread
[2.930s] INFO:colcon.colcon_core.shell:Creating prefix script '/home/upsilon/colcon_ws/rins-upsilon/install/local_setup.ps1'
[2.932s] INFO:colcon.colcon_core.shell:Creating prefix util module '/home/upsilon/colcon_ws/rins-upsilon/install/_local_setup_util_ps1.py'
[2.934s] INFO:colcon.colcon_core.shell:Creating prefix chain script '/home/upsilon/colcon_ws/rins-upsilon/install/setup.ps1'
[2.936s] INFO:colcon.colcon_core.shell:Creating prefix script '/home/upsilon/colcon_ws/rins-upsilon/install/local_setup.sh'
[2.936s] INFO:colcon.colcon_core.shell:Creating prefix util module '/home/upsilon/colcon_ws/rins-upsilon/install/_local_setup_util_sh.py'
[2.937s] INFO:colcon.colcon_core.shell:Creating prefix chain script '/home/upsilon/colcon_ws/rins-upsilon/install/setup.sh'
[2.938s] INFO:colcon.colcon_core.shell:Creating prefix script '/home/upsilon/colcon_ws/rins-upsilon/install/local_setup.bash'
[2.938s] INFO:colcon.colcon_core.shell:Creating prefix chain script '/home/upsilon/colcon_ws/rins-upsilon/install/setup.bash'
[2.939s] INFO:colcon.colcon_core.shell:Creating prefix script '/home/upsilon/colcon_ws/rins-upsilon/install/local_setup.zsh'
[2.940s] INFO:colcon.colcon_core.shell:Creating prefix chain script '/home/upsilon/colcon_ws/rins-upsilon/install/setup.zsh'
