[0.624s] Invoking command in '/home/upsilon/colcon_ws/rins-upsilon/upsilon': DEBUGINFOD_URLS=https://debuginfod.ubuntu.com PYTHONPATH=/home/upsilon/colcon_ws/rins-upsilon/build/upsilon/prefix_override:/usr/lib/python3/dist-packages/colcon_core/task/python/colcon_distutils_commands:/home/upsilon/colcon_ws/rins-upsilon/install/upsilon/lib/python3.12/site-packages:${PYTHONPATH} /usr/bin/python3 -W ignore:setup.py install is deprecated -W ignore:easy_install command is deprecated setup.py egg_info --egg-base ../build/upsilon build --build-base /home/upsilon/colcon_ws/rins-upsilon/build/upsilon/build install --record /home/upsilon/colcon_ws/rins-upsilon/build/upsilon/install.log --single-version-externally-managed install_data
[0.801s] running egg_info
[0.814s] writing ../build/upsilon/upsilon.egg-info/PKG-INFO
[0.814s] writing dependency_links to ../build/upsilon/upsilon.egg-info/dependency_links.txt
[0.814s] writing entry points to ../build/upsilon/upsilon.egg-info/entry_points.txt
[0.814s] writing requirements to ../build/upsilon/upsilon.egg-info/requires.txt
[0.815s] writing top-level names to ../build/upsilon/upsilon.egg-info/top_level.txt
[0.842s] reading manifest file '../build/upsilon/upsilon.egg-info/SOURCES.txt'
[0.843s] writing manifest file '../build/upsilon/upsilon.egg-info/SOURCES.txt'
[0.843s] running build
[0.843s] running build_py
[0.843s] copying upsilon/visualizer.py -> /home/upsilon/colcon_ws/rins-upsilon/build/upsilon/build/lib/upsilon
[0.843s] copying upsilon/face_detector.py -> /home/upsilon/colcon_ws/rins-upsilon/build/upsilon/build/lib/upsilon
[0.843s] copying upsilon/ring_detector.py -> /home/upsilon/colcon_ws/rins-upsilon/build/upsilon/build/lib/upsilon
[0.843s] running install
[0.848s] running install_lib
[0.861s] copying /home/upsilon/colcon_ws/rins-upsilon/build/upsilon/build/lib/upsilon/visualizer.py -> /home/upsilon/colcon_ws/rins-upsilon/install/upsilon/lib/python3.12/site-packages/upsilon
[0.861s] copying /home/upsilon/colcon_ws/rins-upsilon/build/upsilon/build/lib/upsilon/face_detector.py -> /home/upsilon/colcon_ws/rins-upsilon/install/upsilon/lib/python3.12/site-packages/upsilon
[0.862s] copying /home/upsilon/colcon_ws/rins-upsilon/build/upsilon/build/lib/upsilon/ring_detector.py -> /home/upsilon/colcon_ws/rins-upsilon/install/upsilon/lib/python3.12/site-packages/upsilon
[0.862s] byte-compiling /home/upsilon/colcon_ws/rins-upsilon/install/upsilon/lib/python3.12/site-packages/upsilon/visualizer.py to visualizer.cpython-312.pyc
[0.864s] byte-compiling /home/upsilon/colcon_ws/rins-upsilon/install/upsilon/lib/python3.12/site-packages/upsilon/face_detector.py to face_detector.cpython-312.pyc
[0.866s] byte-compiling /home/upsilon/colcon_ws/rins-upsilon/install/upsilon/lib/python3.12/site-packages/upsilon/ring_detector.py to ring_detector.cpython-312.pyc
[0.868s] running install_data
[0.868s] copying launch/task1.launch.py -> /home/upsilon/colcon_ws/rins-upsilon/install/upsilon/share/upsilon/launch
[0.868s] copying launch/localization.launch.py -> /home/upsilon/colcon_ws/rins-upsilon/install/upsilon/share/upsilon/launch
[0.868s] copying config/localization.yaml -> /home/upsilon/colcon_ws/rins-upsilon/install/upsilon/share/upsilon/config
[0.868s] copying config/nav2.yaml -> /home/upsilon/colcon_ws/rins-upsilon/install/upsilon/share/upsilon/config
[0.868s] copying config/upsilon.rviz -> /home/upsilon/colcon_ws/rins-upsilon/install/upsilon/share/upsilon/config
[0.869s] running install_egg_info
[0.883s] removing '/home/upsilon/colcon_ws/rins-upsilon/install/upsilon/lib/python3.12/site-packages/upsilon-0.1.0-py3.12.egg-info' (and everything under it)
[0.883s] Copying ../build/upsilon/upsilon.egg-info to /home/upsilon/colcon_ws/rins-upsilon/install/upsilon/lib/python3.12/site-packages/upsilon-0.1.0-py3.12.egg-info
[0.884s] running install_scripts
[0.973s] Installing controller script to /home/upsilon/colcon_ws/rins-upsilon/install/upsilon/lib/upsilon
[0.973s] Installing face_detector script to /home/upsilon/colcon_ws/rins-upsilon/install/upsilon/lib/upsilon
[0.973s] Installing ring_detector script to /home/upsilon/colcon_ws/rins-upsilon/install/upsilon/lib/upsilon
[0.973s] Installing speech script to /home/upsilon/colcon_ws/rins-upsilon/install/upsilon/lib/upsilon
[0.973s] Installing visualizer script to /home/upsilon/colcon_ws/rins-upsilon/install/upsilon/lib/upsilon
[0.973s] writing list of installed files to '/home/upsilon/colcon_ws/rins-upsilon/build/upsilon/install.log'
[0.988s] Invoked command in '/home/upsilon/colcon_ws/rins-upsilon/upsilon' returned '0': DEBUGINFOD_URLS=https://debuginfod.ubuntu.com PYTHONPATH=/home/upsilon/colcon_ws/rins-upsilon/build/upsilon/prefix_override:/usr/lib/python3/dist-packages/colcon_core/task/python/colcon_distutils_commands:/home/upsilon/colcon_ws/rins-upsilon/install/upsilon/lib/python3.12/site-packages:${PYTHONPATH} /usr/bin/python3 -W ignore:setup.py install is deprecated -W ignore:easy_install command is deprecated setup.py egg_info --egg-base ../build/upsilon build --build-base /home/upsilon/colcon_ws/rins-upsilon/build/upsilon/build install --record /home/upsilon/colcon_ws/rins-upsilon/build/upsilon/install.log --single-version-externally-managed install_data
