running egg_info
writing ../build/upsilon/upsilon.egg-info/PKG-INFO
writing dependency_links to ../build/upsilon/upsilon.egg-info/dependency_links.txt
writing entry points to ../build/upsilon/upsilon.egg-info/entry_points.txt
writing requirements to ../build/upsilon/upsilon.egg-info/requires.txt
writing top-level names to ../build/upsilon/upsilon.egg-info/top_level.txt
reading manifest file '../build/upsilon/upsilon.egg-info/SOURCES.txt'
writing manifest file '../build/upsilon/upsilon.egg-info/SOURCES.txt'
running build
running build_py
copying upsilon/controller.py -> /home/upsilon/colcon_ws/rins-upsilon/build/upsilon/build/lib/upsilon
copying upsilon/blue_line_detector.py -> /home/upsilon/colcon_ws/rins-upsilon/build/upsilon/build/lib/upsilon
copying upsilon/ring_detector.py -> /home/upsilon/colcon_ws/rins-upsilon/build/upsilon/build/lib/upsilon
copying upsilon/visualizer.py -> /home/upsilon/colcon_ws/rins-upsilon/build/upsilon/build/lib/upsilon
copying upsilon/face_detector_task2.py -> /home/upsilon/colcon_ws/rins-upsilon/build/upsilon/build/lib/upsilon
copying upsilon/ring_detector_task2.py -> /home/upsilon/colcon_ws/rins-upsilon/build/upsilon/build/lib/upsilon
copying upsilon/perception_utils.py -> /home/upsilon/colcon_ws/rins-upsilon/build/upsilon/build/lib/upsilon
copying upsilon/ring_detector2.py -> /home/upsilon/colcon_ws/rins-upsilon/build/upsilon/build/lib/upsilon
copying upsilon/face_detector.py -> /home/upsilon/colcon_ws/rins-upsilon/build/upsilon/build/lib/upsilon
copying upsilon/blue_line_follower.py -> /home/upsilon/colcon_ws/rins-upsilon/build/upsilon/build/lib/upsilon
copying upsilon/cylinder_detector_task2.py -> /home/upsilon/colcon_ws/rins-upsilon/build/upsilon/build/lib/upsilon
running install
running install_lib
copying /home/upsilon/colcon_ws/rins-upsilon/build/upsilon/build/lib/upsilon/controller.py -> /home/upsilon/colcon_ws/rins-upsilon/install/upsilon/lib/python3.12/site-packages/upsilon
copying /home/upsilon/colcon_ws/rins-upsilon/build/upsilon/build/lib/upsilon/blue_line_detector.py -> /home/upsilon/colcon_ws/rins-upsilon/install/upsilon/lib/python3.12/site-packages/upsilon
copying /home/upsilon/colcon_ws/rins-upsilon/build/upsilon/build/lib/upsilon/ring_detector.py -> /home/upsilon/colcon_ws/rins-upsilon/install/upsilon/lib/python3.12/site-packages/upsilon
copying /home/upsilon/colcon_ws/rins-upsilon/build/upsilon/build/lib/upsilon/visualizer.py -> /home/upsilon/colcon_ws/rins-upsilon/install/upsilon/lib/python3.12/site-packages/upsilon
copying /home/upsilon/colcon_ws/rins-upsilon/build/upsilon/build/lib/upsilon/face_detector_task2.py -> /home/upsilon/colcon_ws/rins-upsilon/install/upsilon/lib/python3.12/site-packages/upsilon
copying /home/upsilon/colcon_ws/rins-upsilon/build/upsilon/build/lib/upsilon/ring_detector_task2.py -> /home/upsilon/colcon_ws/rins-upsilon/install/upsilon/lib/python3.12/site-packages/upsilon
copying /home/upsilon/colcon_ws/rins-upsilon/build/upsilon/build/lib/upsilon/perception_utils.py -> /home/upsilon/colcon_ws/rins-upsilon/install/upsilon/lib/python3.12/site-packages/upsilon
copying /home/upsilon/colcon_ws/rins-upsilon/build/upsilon/build/lib/upsilon/ring_detector2.py -> /home/upsilon/colcon_ws/rins-upsilon/install/upsilon/lib/python3.12/site-packages/upsilon
copying /home/upsilon/colcon_ws/rins-upsilon/build/upsilon/build/lib/upsilon/face_detector.py -> /home/upsilon/colcon_ws/rins-upsilon/install/upsilon/lib/python3.12/site-packages/upsilon
copying /home/upsilon/colcon_ws/rins-upsilon/build/upsilon/build/lib/upsilon/blue_line_follower.py -> /home/upsilon/colcon_ws/rins-upsilon/install/upsilon/lib/python3.12/site-packages/upsilon
copying /home/upsilon/colcon_ws/rins-upsilon/build/upsilon/build/lib/upsilon/cylinder_detector_task2.py -> /home/upsilon/colcon_ws/rins-upsilon/install/upsilon/lib/python3.12/site-packages/upsilon
byte-compiling /home/upsilon/colcon_ws/rins-upsilon/install/upsilon/lib/python3.12/site-packages/upsilon/controller.py to controller.cpython-312.pyc
byte-compiling /home/upsilon/colcon_ws/rins-upsilon/install/upsilon/lib/python3.12/site-packages/upsilon/blue_line_detector.py to blue_line_detector.cpython-312.pyc
byte-compiling /home/upsilon/colcon_ws/rins-upsilon/install/upsilon/lib/python3.12/site-packages/upsilon/ring_detector.py to ring_detector.cpython-312.pyc
byte-compiling /home/upsilon/colcon_ws/rins-upsilon/install/upsilon/lib/python3.12/site-packages/upsilon/visualizer.py to visualizer.cpython-312.pyc
byte-compiling /home/upsilon/colcon_ws/rins-upsilon/install/upsilon/lib/python3.12/site-packages/upsilon/face_detector_task2.py to face_detector_task2.cpython-312.pyc
byte-compiling /home/upsilon/colcon_ws/rins-upsilon/install/upsilon/lib/python3.12/site-packages/upsilon/ring_detector_task2.py to ring_detector_task2.cpython-312.pyc
byte-compiling /home/upsilon/colcon_ws/rins-upsilon/install/upsilon/lib/python3.12/site-packages/upsilon/perception_utils.py to perception_utils.cpython-312.pyc
byte-compiling /home/upsilon/colcon_ws/rins-upsilon/install/upsilon/lib/python3.12/site-packages/upsilon/ring_detector2.py to ring_detector2.cpython-312.pyc
byte-compiling /home/upsilon/colcon_ws/rins-upsilon/install/upsilon/lib/python3.12/site-packages/upsilon/face_detector.py to face_detector.cpython-312.pyc
byte-compiling /home/upsilon/colcon_ws/rins-upsilon/install/upsilon/lib/python3.12/site-packages/upsilon/blue_line_follower.py to blue_line_follower.cpython-312.pyc
byte-compiling /home/upsilon/colcon_ws/rins-upsilon/install/upsilon/lib/python3.12/site-packages/upsilon/cylinder_detector_task2.py to cylinder_detector_task2.cpython-312.pyc
running install_data
copying package.xml -> /home/upsilon/colcon_ws/rins-upsilon/install/upsilon/share/upsilon
copying launch/task2.launch.py -> /home/upsilon/colcon_ws/rins-upsilon/install/upsilon/share/upsilon/launch
copying launch/task2_teleop.launch.py -> /home/upsilon/colcon_ws/rins-upsilon/install/upsilon/share/upsilon/launch
copying config/keepout_mask.pgm -> /home/upsilon/colcon_ws/rins-upsilon/install/upsilon/share/upsilon/config
copying config/keepout_mask.yaml -> /home/upsilon/colcon_ws/rins-upsilon/install/upsilon/share/upsilon/config
copying config/upsilon.rviz -> /home/upsilon/colcon_ws/rins-upsilon/install/upsilon/share/upsilon/config
copying config/nav2.yaml -> /home/upsilon/colcon_ws/rins-upsilon/install/upsilon/share/upsilon/config
running install_egg_info
removing '/home/upsilon/colcon_ws/rins-upsilon/install/upsilon/lib/python3.12/site-packages/upsilon-0.1.0-py3.12.egg-info' (and everything under it)
Copying ../build/upsilon/upsilon.egg-info to /home/upsilon/colcon_ws/rins-upsilon/install/upsilon/lib/python3.12/site-packages/upsilon-0.1.0-py3.12.egg-info
running install_scripts
Installing blue_line_detector script to /home/upsilon/colcon_ws/rins-upsilon/install/upsilon/lib/upsilon
Installing blue_line_follower script to /home/upsilon/colcon_ws/rins-upsilon/install/upsilon/lib/upsilon
Installing camera_viewer script to /home/upsilon/colcon_ws/rins-upsilon/install/upsilon/lib/upsilon
Installing controller script to /home/upsilon/colcon_ws/rins-upsilon/install/upsilon/lib/upsilon
Installing cylinder_detector_task2 script to /home/upsilon/colcon_ws/rins-upsilon/install/upsilon/lib/upsilon
Installing face_detector script to /home/upsilon/colcon_ws/rins-upsilon/install/upsilon/lib/upsilon
Installing face_detector_task2 script to /home/upsilon/colcon_ws/rins-upsilon/install/upsilon/lib/upsilon
Installing ring_detector script to /home/upsilon/colcon_ws/rins-upsilon/install/upsilon/lib/upsilon
Installing ring_detector2 script to /home/upsilon/colcon_ws/rins-upsilon/install/upsilon/lib/upsilon
Installing ring_detector_task2 script to /home/upsilon/colcon_ws/rins-upsilon/install/upsilon/lib/upsilon
Installing speech script to /home/upsilon/colcon_ws/rins-upsilon/install/upsilon/lib/upsilon
Installing visualizer script to /home/upsilon/colcon_ws/rins-upsilon/install/upsilon/lib/upsilon
Installing wasd_teleop script to /home/upsilon/colcon_ws/rins-upsilon/install/upsilon/lib/upsilon
writing list of installed files to '/home/upsilon/colcon_ws/rins-upsilon/build/upsilon/install.log'
