running develop
running egg_info
writing upsilon.egg-info/PKG-INFO
writing dependency_links to upsilon.egg-info/dependency_links.txt
writing entry points to upsilon.egg-info/entry_points.txt
writing requirements to upsilon.egg-info/requires.txt
writing top-level names to upsilon.egg-info/top_level.txt
reading manifest file 'upsilon.egg-info/SOURCES.txt'
writing manifest file 'upsilon.egg-info/SOURCES.txt'
running build_ext
Creating /home/upsilon/colcon_ws/rins-upsilon/install/upsilon/lib/python3.12/site-packages/upsilon.egg-link (link to .)
Installing controller script to /home/upsilon/colcon_ws/rins-upsilon/install/upsilon/lib/upsilon
Installing face_detector script to /home/upsilon/colcon_ws/rins-upsilon/install/upsilon/lib/upsilon
Installing ring_detector script to /home/upsilon/colcon_ws/rins-upsilon/install/upsilon/lib/upsilon
Installing speech script to /home/upsilon/colcon_ws/rins-upsilon/install/upsilon/lib/upsilon
Installing visualizer script to /home/upsilon/colcon_ws/rins-upsilon/install/upsilon/lib/upsilon

Installed /home/upsilon/colcon_ws/rins-upsilon/build/upsilon
running symlink_data
symbolically linking /home/upsilon/colcon_ws/rins-upsilon/build/upsilon/resource/upsilon -> /home/upsilon/colcon_ws/rins-upsilon/install/upsilon/share/ament_index/resource_index/packages
symbolically linking /home/upsilon/colcon_ws/rins-upsilon/build/upsilon/package.xml -> /home/upsilon/colcon_ws/rins-upsilon/install/upsilon/share/upsilon
symbolically linking /home/upsilon/colcon_ws/rins-upsilon/build/upsilon/launch/detectors_only.launch.py -> /home/upsilon/colcon_ws/rins-upsilon/install/upsilon/share/upsilon/launch
symbolically linking /home/upsilon/colcon_ws/rins-upsilon/build/upsilon/launch/task1.launch.py -> /home/upsilon/colcon_ws/rins-upsilon/install/upsilon/share/upsilon/launch
symbolically linking /home/upsilon/colcon_ws/rins-upsilon/build/upsilon/launch/exploration_only.launch.py -> /home/upsilon/colcon_ws/rins-upsilon/install/upsilon/share/upsilon/launch
error: [Errno 2] No such file or directory: '/home/upsilon/colcon_ws/rins-upsilon/install/upsilon/share/upsilon/config/nav2.yaml'
