[0.504s] Invoking command in '/home/upsilon/colcon_ws/rins-upsilon/upsilon': DEBUGINFOD_URLS=https://debuginfod.ubuntu.com PYTHONPATH=/home/upsilon/colcon_ws/rins-upsilon/build/upsilon/prefix_override:/usr/lib/python3/dist-packages/colcon_core/task/python/colcon_distutils_commands:/home/upsilon/colcon_ws/rins-upsilon/install/upsilon/lib/python3.12/site-packages:${PYTHONPATH} /usr/bin/python3 -W ignore:setup.py install is deprecated -W ignore:easy_install command is deprecated setup.py egg_info --egg-base ../build/upsilon build --build-base /home/upsilon/colcon_ws/rins-upsilon/build/upsilon/build install --record /home/upsilon/colcon_ws/rins-upsilon/build/upsilon/install.log --single-version-externally-managed install_data
[0.675s] running egg_info
[0.688s] writing ../build/upsilon/upsilon.egg-info/PKG-INFO
[0.688s] writing dependency_links to ../build/upsilon/upsilon.egg-info/dependency_links.txt
[0.688s] writing entry points to ../build/upsilon/upsilon.egg-info/entry_points.txt
[0.688s] writing requirements to ../build/upsilon/upsilon.egg-info/requires.txt
[0.688s] writing top-level names to ../build/upsilon/upsilon.egg-info/top_level.txt
[0.714s] reading manifest file '../build/upsilon/upsilon.egg-info/SOURCES.txt'
[0.715s] writing manifest file '../build/upsilon/upsilon.egg-info/SOURCES.txt'
[0.715s] running build
[0.715s] running build_py
[0.715s] copying upsilon/visualizer.py -> /home/upsilon/colcon_ws/rins-upsilon/build/upsilon/build/lib/upsilon
[0.715s] copying upsilon/face_detector.py -> /home/upsilon/colcon_ws/rins-upsilon/build/upsilon/build/lib/upsilon
[0.715s] copying upsilon/ring_detector.py -> /home/upsilon/colcon_ws/rins-upsilon/build/upsilon/build/lib/upsilon
[0.715s] running install
[0.720s] running install_lib
[0.733s] copying /home/upsilon/colcon_ws/rins-upsilon/build/upsilon/build/lib/upsilon/visualizer.py -> /home/upsilon/colcon_ws/rins-upsilon/install/upsilon/lib/python3.12/site-packages/upsilon
[0.733s] copying /home/upsilon/colcon_ws/rins-upsilon/build/upsilon/build/lib/upsilon/face_detector.py -> /home/upsilon/colcon_ws/rins-upsilon/install/upsilon/lib/python3.12/site-packages/upsilon
[0.733s] copying /home/upsilon/colcon_ws/rins-upsilon/build/upsilon/build/lib/upsilon/ring_detector.py -> /home/upsilon/colcon_ws/rins-upsilon/install/upsilon/lib/python3.12/site-packages/upsilon
[0.733s] byte-compiling /home/upsilon/colcon_ws/rins-upsilon/install/upsilon/lib/python3.12/site-packages/upsilon/visualizer.py to visualizer.cpython-312.pyc
[0.734s] byte-compiling /home/upsilon/colcon_ws/rins-upsilon/install/upsilon/lib/python3.12/site-packages/upsilon/face_detector.py to face_detector.cpython-312.pyc
[0.735s] byte-compiling /home/upsilon/colcon_ws/rins-upsilon/install/upsilon/lib/python3.12/site-packages/upsilon/ring_detector.py to ring_detector.cpython-312.pyc
[0.737s] running install_data
[0.737s] copying launch/detectors_only.launch.py -> /home/upsilon/colcon_ws/rins-upsilon/install/upsilon/share/upsilon/launch
[0.737s] copying launch/task1.launch.py -> /home/upsilon/colcon_ws/rins-upsilon/install/upsilon/share/upsilon/launch
[0.737s] creating /home/upsilon/colcon_ws/rins-upsilon/install/upsilon/share/upsilon/config
[0.737s] copying config/upsilon.rviz -> /home/upsilon/colcon_ws/rins-upsilon/install/upsilon/share/upsilon/config
[0.737s] running install_egg_info
[0.751s] removing '/home/upsilon/colcon_ws/rins-upsilon/install/upsilon/lib/python3.12/site-packages/upsilon-0.1.0-py3.12.egg-info' (and everything under it)
[0.751s] Copying ../build/upsilon/upsilon.egg-info to /home/upsilon/colcon_ws/rins-upsilon/install/upsilon/lib/python3.12/site-packages/upsilon-0.1.0-py3.12.egg-info
[0.751s] running install_scripts
[0.838s] Installing controller script to /home/upsilon/colcon_ws/rins-upsilon/install/upsilon/lib/upsilon
[0.838s] Installing face_detector script to /home/upsilon/colcon_ws/rins-upsilon/install/upsilon/lib/upsilon
[0.838s] Installing ring_detector script to /home/upsilon/colcon_ws/rins-upsilon/install/upsilon/lib/upsilon
[0.838s] Installing speech script to /home/upsilon/colcon_ws/rins-upsilon/install/upsilon/lib/upsilon
[0.838s] Installing visualizer script to /home/upsilon/colcon_ws/rins-upsilon/install/upsilon/lib/upsilon
[0.838s] writing list of installed files to '/home/upsilon/colcon_ws/rins-upsilon/build/upsilon/install.log'
[0.853s] Invoked command in '/home/upsilon/colcon_ws/rins-upsilon/upsilon' returned '0': DEBUGINFOD_URLS=https://debuginfod.ubuntu.com PYTHONPATH=/home/upsilon/colcon_ws/rins-upsilon/build/upsilon/prefix_override:/usr/lib/python3/dist-packages/colcon_core/task/python/colcon_distutils_commands:/home/upsilon/colcon_ws/rins-upsilon/install/upsilon/lib/python3.12/site-packages:${PYTHONPATH} /usr/bin/python3 -W ignore:setup.py install is deprecated -W ignore:easy_install command is deprecated setup.py egg_info --egg-base ../build/upsilon build --build-base /home/upsilon/colcon_ws/rins-upsilon/build/upsilon/build install --record /home/upsilon/colcon_ws/rins-upsilon/build/upsilon/install.log --single-version-externally-managed install_data
