[0.546s] Invoking command in '/home/upsilon/colcon_ws/rins-upsilon/upsilon': DEBUGINFOD_URLS=https://debuginfod.ubuntu.com PYTHONPATH=/home/upsilon/colcon_ws/rins-upsilon/build/upsilon/prefix_override:/usr/lib/python3/dist-packages/colcon_core/task/python/colcon_distutils_commands:/home/upsilon/colcon_ws/rins-upsilon/install/upsilon/lib/python3.12/site-packages:${PYTHONPATH} /usr/bin/python3 -W ignore:setup.py install is deprecated -W ignore:easy_install command is deprecated setup.py egg_info --egg-base ../build/upsilon build --build-base /home/upsilon/colcon_ws/rins-upsilon/build/upsilon/build install --record /home/upsilon/colcon_ws/rins-upsilon/build/upsilon/install.log --single-version-externally-managed install_data
[0.730s] running egg_info
[0.743s] writing ../build/upsilon/upsilon.egg-info/PKG-INFO
[0.743s] writing dependency_links to ../build/upsilon/upsilon.egg-info/dependency_links.txt
[0.743s] writing entry points to ../build/upsilon/upsilon.egg-info/entry_points.txt
[0.743s] writing requirements to ../build/upsilon/upsilon.egg-info/requires.txt
[0.743s] writing top-level names to ../build/upsilon/upsilon.egg-info/top_level.txt
[0.769s] reading manifest file '../build/upsilon/upsilon.egg-info/SOURCES.txt'
[0.770s] writing manifest file '../build/upsilon/upsilon.egg-info/SOURCES.txt'
[0.770s] running build
[0.770s] running build_py
[0.770s] copying upsilon/perception_utils.py -> /home/upsilon/colcon_ws/rins-upsilon/build/upsilon/build/lib/upsilon
[0.770s] copying upsilon/ring_detector.py -> /home/upsilon/colcon_ws/rins-upsilon/build/upsilon/build/lib/upsilon
[0.770s] running install
[0.775s] running install_lib
[0.788s] copying /home/upsilon/colcon_ws/rins-upsilon/build/upsilon/build/lib/upsilon/perception_utils.py -> /home/upsilon/colcon_ws/rins-upsilon/install/upsilon/lib/python3.12/site-packages/upsilon
[0.788s] copying /home/upsilon/colcon_ws/rins-upsilon/build/upsilon/build/lib/upsilon/ring_detector.py -> /home/upsilon/colcon_ws/rins-upsilon/install/upsilon/lib/python3.12/site-packages/upsilon
[0.788s] byte-compiling /home/upsilon/colcon_ws/rins-upsilon/install/upsilon/lib/python3.12/site-packages/upsilon/perception_utils.py to perception_utils.cpython-312.pyc
[0.789s] byte-compiling /home/upsilon/colcon_ws/rins-upsilon/install/upsilon/lib/python3.12/site-packages/upsilon/ring_detector.py to ring_detector.cpython-312.pyc
[0.792s] running install_data
[0.792s] running install_egg_info
[0.806s] removing '/home/upsilon/colcon_ws/rins-upsilon/install/upsilon/lib/python3.12/site-packages/upsilon-0.1.0-py3.12.egg-info' (and everything under it)
[0.806s] Copying ../build/upsilon/upsilon.egg-info to /home/upsilon/colcon_ws/rins-upsilon/install/upsilon/lib/python3.12/site-packages/upsilon-0.1.0-py3.12.egg-info
[0.806s] running install_scripts
[0.892s] Installing controller script to /home/upsilon/colcon_ws/rins-upsilon/install/upsilon/lib/upsilon
[0.892s] Installing face_detector script to /home/upsilon/colcon_ws/rins-upsilon/install/upsilon/lib/upsilon
[0.892s] Installing ring_detector script to /home/upsilon/colcon_ws/rins-upsilon/install/upsilon/lib/upsilon
[0.892s] Installing speech script to /home/upsilon/colcon_ws/rins-upsilon/install/upsilon/lib/upsilon
[0.892s] Installing visualizer script to /home/upsilon/colcon_ws/rins-upsilon/install/upsilon/lib/upsilon
[0.892s] writing list of installed files to '/home/upsilon/colcon_ws/rins-upsilon/build/upsilon/install.log'
[0.910s] Invoked command in '/home/upsilon/colcon_ws/rins-upsilon/upsilon' returned '0': DEBUGINFOD_URLS=https://debuginfod.ubuntu.com PYTHONPATH=/home/upsilon/colcon_ws/rins-upsilon/build/upsilon/prefix_override:/usr/lib/python3/dist-packages/colcon_core/task/python/colcon_distutils_commands:/home/upsilon/colcon_ws/rins-upsilon/install/upsilon/lib/python3.12/site-packages:${PYTHONPATH} /usr/bin/python3 -W ignore:setup.py install is deprecated -W ignore:easy_install command is deprecated setup.py egg_info --egg-base ../build/upsilon build --build-base /home/upsilon/colcon_ws/rins-upsilon/build/upsilon/build install --record /home/upsilon/colcon_ws/rins-upsilon/build/upsilon/install.log --single-version-externally-managed install_data
