[1.364s] Invoking command in '/home/upsilon/colcon_ws/rins-upsilon/build/upsilon': DEBUGINFOD_URLS=https://debuginfod.ubuntu.com PYTHONPATH=/home/upsilon/colcon_ws/rins-upsilon/build/upsilon/prefix_override:/usr/lib/python3/dist-packages/colcon_core/task/python/colcon_distutils_commands:/home/upsilon/colcon_ws/rins-upsilon/install/upsilon/lib/python3.12/site-packages:${PYTHONPATH} /usr/bin/python3 -W ignore:setup.py install is deprecated -W ignore:easy_install command is deprecated setup.py develop --editable --build-directory /home/upsilon/colcon_ws/rins-upsilon/build/upsilon/build --no-deps symlink_data
[1.873s] running develop
[2.169s] running egg_info
[2.196s] writing upsilon.egg-info/PKG-INFO
[2.197s] writing dependency_links to upsilon.egg-info/dependency_links.txt
[2.198s] writing entry points to upsilon.egg-info/entry_points.txt
[2.198s] writing requirements to upsilon.egg-info/requires.txt
[2.198s] writing top-level names to upsilon.egg-info/top_level.txt
[2.261s] reading manifest file 'upsilon.egg-info/SOURCES.txt'
[2.263s] writing manifest file 'upsilon.egg-info/SOURCES.txt'
[2.298s] running build_ext
[2.298s] Creating /home/upsilon/colcon_ws/rins-upsilon/install/upsilon/lib/python3.12/site-packages/upsilon.egg-link (link to .)
[2.301s] Installing controller script to /home/upsilon/colcon_ws/rins-upsilon/install/upsilon/lib/upsilon
[2.301s] Installing face_detector script to /home/upsilon/colcon_ws/rins-upsilon/install/upsilon/lib/upsilon
[2.301s] Installing ring_detector script to /home/upsilon/colcon_ws/rins-upsilon/install/upsilon/lib/upsilon
[2.301s] Installing speech script to /home/upsilon/colcon_ws/rins-upsilon/install/upsilon/lib/upsilon
[2.301s] Installing visualizer script to /home/upsilon/colcon_ws/rins-upsilon/install/upsilon/lib/upsilon
[2.303s] 
[2.304s] Installed /home/upsilon/colcon_ws/rins-upsilon/build/upsilon
[2.304s] running symlink_data
[2.304s] symbolically linking /home/upsilon/colcon_ws/rins-upsilon/build/upsilon/config/nav2.yaml -> /home/upsilon/colcon_ws/rins-upsilon/install/upsilon/share/upsilon/config
[2.304s] symbolically linking /home/upsilon/colcon_ws/rins-upsilon/build/upsilon/sounds/green.mp3 -> /home/upsilon/colcon_ws/rins-upsilon/install/upsilon/share/upsilon/sounds
[2.427s] Invoked command in '/home/upsilon/colcon_ws/rins-upsilon/build/upsilon' returned '0': DEBUGINFOD_URLS=https://debuginfod.ubuntu.com PYTHONPATH=/home/upsilon/colcon_ws/rins-upsilon/build/upsilon/prefix_override:/usr/lib/python3/dist-packages/colcon_core/task/python/colcon_distutils_commands:/home/upsilon/colcon_ws/rins-upsilon/install/upsilon/lib/python3.12/site-packages:${PYTHONPATH} /usr/bin/python3 -W ignore:setup.py install is deprecated -W ignore:easy_install command is deprecated setup.py develop --editable --build-directory /home/upsilon/colcon_ws/rins-upsilon/build/upsilon/build --no-deps symlink_data
