[1.347s] Invoking command in '/home/upsilon/colcon_ws/rins-upsilon/build/upsilon': DEBUGINFOD_URLS=https://debuginfod.ubuntu.com PYTHONPATH=/home/upsilon/colcon_ws/rins-upsilon/build/upsilon/prefix_override:/usr/lib/python3/dist-packages/colcon_core/task/python/colcon_distutils_commands:/home/upsilon/colcon_ws/rins-upsilon/install/upsilon/lib/python3.12/site-packages:${PYTHONPATH} /usr/bin/python3 -W ignore:setup.py install is deprecated -W ignore:easy_install command is deprecated setup.py develop --editable --build-directory /home/upsilon/colcon_ws/rins-upsilon/build/upsilon/build --no-deps symlink_data --force
[1.806s] running develop
[2.085s] running egg_info
[2.113s] writing upsilon.egg-info/PKG-INFO
[2.114s] writing dependency_links to upsilon.egg-info/dependency_links.txt
[2.114s] writing entry points to upsilon.egg-info/entry_points.txt
[2.114s] writing requirements to upsilon.egg-info/requires.txt
[2.114s] writing top-level names to upsilon.egg-info/top_level.txt
[2.173s] reading manifest file 'upsilon.egg-info/SOURCES.txt'
[2.174s] writing manifest file 'upsilon.egg-info/SOURCES.txt'
[2.204s] running build_ext
[2.204s] Creating /home/upsilon/colcon_ws/rins-upsilon/install/upsilon/lib/python3.12/site-packages/upsilon.egg-link (link to .)
[2.206s] Installing controller script to /home/upsilon/colcon_ws/rins-upsilon/install/upsilon/lib/upsilon
[2.206s] Installing face_detector script to /home/upsilon/colcon_ws/rins-upsilon/install/upsilon/lib/upsilon
[2.206s] Installing ring_detector script to /home/upsilon/colcon_ws/rins-upsilon/install/upsilon/lib/upsilon
[2.207s] Installing speech script to /home/upsilon/colcon_ws/rins-upsilon/install/upsilon/lib/upsilon
[2.207s] Installing visualizer script to /home/upsilon/colcon_ws/rins-upsilon/install/upsilon/lib/upsilon
[2.207s] 
[2.207s] Installed /home/upsilon/colcon_ws/rins-upsilon/build/upsilon
[2.207s] running symlink_data
[2.208s] symbolically linking /home/upsilon/colcon_ws/rins-upsilon/build/upsilon/resource/upsilon -> /home/upsilon/colcon_ws/rins-upsilon/install/upsilon/share/ament_index/resource_index/packages
[2.208s] symbolically linking /home/upsilon/colcon_ws/rins-upsilon/build/upsilon/package.xml -> /home/upsilon/colcon_ws/rins-upsilon/install/upsilon/share/upsilon
[2.208s] symbolically linking /home/upsilon/colcon_ws/rins-upsilon/build/upsilon/launch/detectors_only.launch.py -> /home/upsilon/colcon_ws/rins-upsilon/install/upsilon/share/upsilon/launch
[2.209s] symbolically linking /home/upsilon/colcon_ws/rins-upsilon/build/upsilon/launch/task1.launch.py -> /home/upsilon/colcon_ws/rins-upsilon/install/upsilon/share/upsilon/launch
[2.209s] symbolically linking /home/upsilon/colcon_ws/rins-upsilon/build/upsilon/launch/exploration_only.launch.py -> /home/upsilon/colcon_ws/rins-upsilon/install/upsilon/share/upsilon/launch
[2.209s] symbolically linking /home/upsilon/colcon_ws/rins-upsilon/build/upsilon/config/upsilon.rviz -> /home/upsilon/colcon_ws/rins-upsilon/install/upsilon/share/upsilon/config
[2.209s] symbolically linking /home/upsilon/colcon_ws/rins-upsilon/build/upsilon/map/map.yaml -> /home/upsilon/colcon_ws/rins-upsilon/install/upsilon/share/upsilon/map
[2.209s] symbolically linking /home/upsilon/colcon_ws/rins-upsilon/build/upsilon/map/map.pgm -> /home/upsilon/colcon_ws/rins-upsilon/install/upsilon/share/upsilon/map
[2.346s] Invoked command in '/home/upsilon/colcon_ws/rins-upsilon/build/upsilon' returned '0': DEBUGINFOD_URLS=https://debuginfod.ubuntu.com PYTHONPATH=/home/upsilon/colcon_ws/rins-upsilon/build/upsilon/prefix_override:/usr/lib/python3/dist-packages/colcon_core/task/python/colcon_distutils_commands:/home/upsilon/colcon_ws/rins-upsilon/install/upsilon/lib/python3.12/site-packages:${PYTHONPATH} /usr/bin/python3 -W ignore:setup.py install is deprecated -W ignore:easy_install command is deprecated setup.py develop --editable --build-directory /home/upsilon/colcon_ws/rins-upsilon/build/upsilon/build --no-deps symlink_data --force
