running egg_info
writing ../build/upsilon/upsilon.egg-info/PKG-INFO
writing dependency_links to ../build/upsilon/upsilon.egg-info/dependency_links.txt
writing entry points to ../build/upsilon/upsilon.egg-info/entry_points.txt
writing requirements to ../build/upsilon/upsilon.egg-info/requires.txt
writing top-level names to ../build/upsilon/upsilon.egg-info/top_level.txt
reading manifest file '../build/upsilon/upsilon.egg-info/SOURCES.txt'
writing manifest file '../build/upsilon/upsilon.egg-info/SOURCES.txt'
running build
running build_py
running install
running install_lib
running install_data
running install_egg_info
removing '/home/upsilon/colcon_ws/rins-upsilon/install/upsilon/lib/python3.12/site-packages/upsilon-0.1.0-py3.12.egg-info' (and everything under it)
Copying ../build/upsilon/upsilon.egg-info to /home/upsilon/colcon_ws/rins-upsilon/install/upsilon/lib/python3.12/site-packages/upsilon-0.1.0-py3.12.egg-info
running install_scripts
Installing controller script to /home/upsilon/colcon_ws/rins-upsilon/install/upsilon/lib/upsilon
Installing face_detector script to /home/upsilon/colcon_ws/rins-upsilon/install/upsilon/lib/upsilon
Installing ring_detector script to /home/upsilon/colcon_ws/rins-upsilon/install/upsilon/lib/upsilon
Installing speech script to /home/upsilon/colcon_ws/rins-upsilon/install/upsilon/lib/upsilon
writing list of installed files to '/home/upsilon/colcon_ws/rins-upsilon/build/upsilon/install.log'
