running egg_info
creating ../build/upsilon/upsilon.egg-info
writing ../build/upsilon/upsilon.egg-info/PKG-INFO
writing dependency_links to ../build/upsilon/upsilon.egg-info/dependency_links.txt
writing entry points to ../build/upsilon/upsilon.egg-info/entry_points.txt
writing requirements to ../build/upsilon/upsilon.egg-info/requires.txt
writing top-level names to ../build/upsilon/upsilon.egg-info/top_level.txt
writing manifest file '../build/upsilon/upsilon.egg-info/SOURCES.txt'
reading manifest file '../build/upsilon/upsilon.egg-info/SOURCES.txt'
writing manifest file '../build/upsilon/upsilon.egg-info/SOURCES.txt'
running build
running build_py
creating /home/upsilon/colcon_ws/rins-upsilon/build/upsilon/build
creating /home/upsilon/colcon_ws/rins-upsilon/build/upsilon/build/lib
creating /home/upsilon/colcon_ws/rins-upsilon/build/upsilon/build/lib/upsilon
copying upsilon/__init__.py -> /home/upsilon/colcon_ws/rins-upsilon/build/upsilon/build/lib/upsilon
copying upsilon/speech.py -> /home/upsilon/colcon_ws/rins-upsilon/build/upsilon/build/lib/upsilon
copying upsilon/face_detector.py -> /home/upsilon/colcon_ws/rins-upsilon/build/upsilon/build/lib/upsilon
copying upsilon/controller.py -> /home/upsilon/colcon_ws/rins-upsilon/build/upsilon/build/lib/upsilon
copying upsilon/perception_utils.py -> /home/upsilon/colcon_ws/rins-upsilon/build/upsilon/build/lib/upsilon
copying upsilon/ring_detector.py -> /home/upsilon/colcon_ws/rins-upsilon/build/upsilon/build/lib/upsilon
running install
running install_lib
creating /home/upsilon/colcon_ws/rins-upsilon/install/upsilon/lib/python3.12/site-packages/upsilon
copying /home/upsilon/colcon_ws/rins-upsilon/build/upsilon/build/lib/upsilon/__init__.py -> /home/upsilon/colcon_ws/rins-upsilon/install/upsilon/lib/python3.12/site-packages/upsilon
copying /home/upsilon/colcon_ws/rins-upsilon/build/upsilon/build/lib/upsilon/speech.py -> /home/upsilon/colcon_ws/rins-upsilon/install/upsilon/lib/python3.12/site-packages/upsilon
copying /home/upsilon/colcon_ws/rins-upsilon/build/upsilon/build/lib/upsilon/face_detector.py -> /home/upsilon/colcon_ws/rins-upsilon/install/upsilon/lib/python3.12/site-packages/upsilon
copying /home/upsilon/colcon_ws/rins-upsilon/build/upsilon/build/lib/upsilon/controller.py -> /home/upsilon/colcon_ws/rins-upsilon/install/upsilon/lib/python3.12/site-packages/upsilon
copying /home/upsilon/colcon_ws/rins-upsilon/build/upsilon/build/lib/upsilon/perception_utils.py -> /home/upsilon/colcon_ws/rins-upsilon/install/upsilon/lib/python3.12/site-packages/upsilon
copying /home/upsilon/colcon_ws/rins-upsilon/build/upsilon/build/lib/upsilon/ring_detector.py -> /home/upsilon/colcon_ws/rins-upsilon/install/upsilon/lib/python3.12/site-packages/upsilon
byte-compiling /home/upsilon/colcon_ws/rins-upsilon/install/upsilon/lib/python3.12/site-packages/upsilon/__init__.py to __init__.cpython-312.pyc
byte-compiling /home/upsilon/colcon_ws/rins-upsilon/install/upsilon/lib/python3.12/site-packages/upsilon/speech.py to speech.cpython-312.pyc
byte-compiling /home/upsilon/colcon_ws/rins-upsilon/install/upsilon/lib/python3.12/site-packages/upsilon/face_detector.py to face_detector.cpython-312.pyc
byte-compiling /home/upsilon/colcon_ws/rins-upsilon/install/upsilon/lib/python3.12/site-packages/upsilon/controller.py to controller.cpython-312.pyc
byte-compiling /home/upsilon/colcon_ws/rins-upsilon/install/upsilon/lib/python3.12/site-packages/upsilon/perception_utils.py to perception_utils.cpython-312.pyc
byte-compiling /home/upsilon/colcon_ws/rins-upsilon/install/upsilon/lib/python3.12/site-packages/upsilon/ring_detector.py to ring_detector.cpython-312.pyc
running install_data
creating /home/upsilon/colcon_ws/rins-upsilon/install/upsilon/share/ament_index
creating /home/upsilon/colcon_ws/rins-upsilon/install/upsilon/share/ament_index/resource_index
creating /home/upsilon/colcon_ws/rins-upsilon/install/upsilon/share/ament_index/resource_index/packages
copying resource/upsilon -> /home/upsilon/colcon_ws/rins-upsilon/install/upsilon/share/ament_index/resource_index/packages
copying package.xml -> /home/upsilon/colcon_ws/rins-upsilon/install/upsilon/share/upsilon
creating /home/upsilon/colcon_ws/rins-upsilon/install/upsilon/share/upsilon/launch
copying launch/detectors_only.launch.py -> /home/upsilon/colcon_ws/rins-upsilon/install/upsilon/share/upsilon/launch
copying launch/task1.launch.py -> /home/upsilon/colcon_ws/rins-upsilon/install/upsilon/share/upsilon/launch
creating /home/upsilon/colcon_ws/rins-upsilon/install/upsilon/share/upsilon/map
copying map/map.yaml -> /home/upsilon/colcon_ws/rins-upsilon/install/upsilon/share/upsilon/map
copying map/map.pgm -> /home/upsilon/colcon_ws/rins-upsilon/install/upsilon/share/upsilon/map
running install_egg_info
Copying ../build/upsilon/upsilon.egg-info to /home/upsilon/colcon_ws/rins-upsilon/install/upsilon/lib/python3.12/site-packages/upsilon-0.1.0-py3.12.egg-info
running install_scripts
Installing controller script to /home/upsilon/colcon_ws/rins-upsilon/install/upsilon/lib/upsilon
Installing face_detector script to /home/upsilon/colcon_ws/rins-upsilon/install/upsilon/lib/upsilon
Installing ring_detector script to /home/upsilon/colcon_ws/rins-upsilon/install/upsilon/lib/upsilon
Installing speech script to /home/upsilon/colcon_ws/rins-upsilon/install/upsilon/lib/upsilon
writing list of installed files to '/home/upsilon/colcon_ws/rins-upsilon/build/upsilon/install.log'
