[0.859s] Invoking command in '/home/upsilon/colcon_ws/rins-upsilon/upsilon': DEBUGINFOD_URLS=https://debuginfod.ubuntu.com PYTHONPATH=/home/upsilon/colcon_ws/rins-upsilon/build/upsilon/prefix_override:/usr/lib/python3/dist-packages/colcon_core/task/python/colcon_distutils_commands:/home/upsilon/colcon_ws/rins-upsilon/install/upsilon/lib/python3.12/site-packages:${PYTHONPATH} /usr/bin/python3 -W ignore:setup.py install is deprecated -W ignore:easy_install command is deprecated setup.py egg_info --egg-base ../build/upsilon build --build-base /home/upsilon/colcon_ws/rins-upsilon/build/upsilon/build install --record /home/upsilon/colcon_ws/rins-upsilon/build/upsilon/install.log --single-version-externally-managed install_data
[1.138s] running egg_info
[1.138s] creating ../build/upsilon/upsilon.egg-info
[1.156s] writing ../build/upsilon/upsilon.egg-info/PKG-INFO
[1.157s] writing dependency_links to ../build/upsilon/upsilon.egg-info/dependency_links.txt
[1.157s] writing entry points to ../build/upsilon/upsilon.egg-info/entry_points.txt
[1.157s] writing requirements to ../build/upsilon/upsilon.egg-info/requires.txt
[1.157s] writing top-level names to ../build/upsilon/upsilon.egg-info/top_level.txt
[1.157s] writing manifest file '../build/upsilon/upsilon.egg-info/SOURCES.txt'
[1.196s] reading manifest file '../build/upsilon/upsilon.egg-info/SOURCES.txt'
[1.197s] writing manifest file '../build/upsilon/upsilon.egg-info/SOURCES.txt'
[1.197s] running build
[1.197s] running build_py
[1.197s] creating /home/upsilon/colcon_ws/rins-upsilon/build/upsilon/build
[1.197s] creating /home/upsilon/colcon_ws/rins-upsilon/build/upsilon/build/lib
[1.197s] creating /home/upsilon/colcon_ws/rins-upsilon/build/upsilon/build/lib/upsilon
[1.197s] copying upsilon/__init__.py -> /home/upsilon/colcon_ws/rins-upsilon/build/upsilon/build/lib/upsilon
[1.197s] copying upsilon/speech.py -> /home/upsilon/colcon_ws/rins-upsilon/build/upsilon/build/lib/upsilon
[1.197s] copying upsilon/face_detector.py -> /home/upsilon/colcon_ws/rins-upsilon/build/upsilon/build/lib/upsilon
[1.197s] copying upsilon/controller.py -> /home/upsilon/colcon_ws/rins-upsilon/build/upsilon/build/lib/upsilon
[1.197s] copying upsilon/perception_utils.py -> /home/upsilon/colcon_ws/rins-upsilon/build/upsilon/build/lib/upsilon
[1.197s] copying upsilon/ring_detector.py -> /home/upsilon/colcon_ws/rins-upsilon/build/upsilon/build/lib/upsilon
[1.198s] running install
[1.205s] running install_lib
[1.226s] creating /home/upsilon/colcon_ws/rins-upsilon/install/upsilon/lib/python3.12/site-packages/upsilon
[1.226s] copying /home/upsilon/colcon_ws/rins-upsilon/build/upsilon/build/lib/upsilon/__init__.py -> /home/upsilon/colcon_ws/rins-upsilon/install/upsilon/lib/python3.12/site-packages/upsilon
[1.226s] copying /home/upsilon/colcon_ws/rins-upsilon/build/upsilon/build/lib/upsilon/speech.py -> /home/upsilon/colcon_ws/rins-upsilon/install/upsilon/lib/python3.12/site-packages/upsilon
[1.226s] copying /home/upsilon/colcon_ws/rins-upsilon/build/upsilon/build/lib/upsilon/face_detector.py -> /home/upsilon/colcon_ws/rins-upsilon/install/upsilon/lib/python3.12/site-packages/upsilon
[1.226s] copying /home/upsilon/colcon_ws/rins-upsilon/build/upsilon/build/lib/upsilon/controller.py -> /home/upsilon/colcon_ws/rins-upsilon/install/upsilon/lib/python3.12/site-packages/upsilon
[1.226s] copying /home/upsilon/colcon_ws/rins-upsilon/build/upsilon/build/lib/upsilon/perception_utils.py -> /home/upsilon/colcon_ws/rins-upsilon/install/upsilon/lib/python3.12/site-packages/upsilon
[1.227s] copying /home/upsilon/colcon_ws/rins-upsilon/build/upsilon/build/lib/upsilon/ring_detector.py -> /home/upsilon/colcon_ws/rins-upsilon/install/upsilon/lib/python3.12/site-packages/upsilon
[1.227s] byte-compiling /home/upsilon/colcon_ws/rins-upsilon/install/upsilon/lib/python3.12/site-packages/upsilon/__init__.py to __init__.cpython-312.pyc
[1.227s] byte-compiling /home/upsilon/colcon_ws/rins-upsilon/install/upsilon/lib/python3.12/site-packages/upsilon/speech.py to speech.cpython-312.pyc
[1.227s] byte-compiling /home/upsilon/colcon_ws/rins-upsilon/install/upsilon/lib/python3.12/site-packages/upsilon/face_detector.py to face_detector.cpython-312.pyc
[1.229s] byte-compiling /home/upsilon/colcon_ws/rins-upsilon/install/upsilon/lib/python3.12/site-packages/upsilon/controller.py to controller.cpython-312.pyc
[1.231s] byte-compiling /home/upsilon/colcon_ws/rins-upsilon/install/upsilon/lib/python3.12/site-packages/upsilon/perception_utils.py to perception_utils.cpython-312.pyc
[1.232s] byte-compiling /home/upsilon/colcon_ws/rins-upsilon/install/upsilon/lib/python3.12/site-packages/upsilon/ring_detector.py to ring_detector.cpython-312.pyc
[1.234s] running install_data
[1.234s] creating /home/upsilon/colcon_ws/rins-upsilon/install/upsilon/share/ament_index
[1.234s] creating /home/upsilon/colcon_ws/rins-upsilon/install/upsilon/share/ament_index/resource_index
[1.234s] creating /home/upsilon/colcon_ws/rins-upsilon/install/upsilon/share/ament_index/resource_index/packages
[1.234s] copying resource/upsilon -> /home/upsilon/colcon_ws/rins-upsilon/install/upsilon/share/ament_index/resource_index/packages
[1.234s] copying package.xml -> /home/upsilon/colcon_ws/rins-upsilon/install/upsilon/share/upsilon
[1.234s] creating /home/upsilon/colcon_ws/rins-upsilon/install/upsilon/share/upsilon/launch
[1.234s] copying launch/detectors_only.launch.py -> /home/upsilon/colcon_ws/rins-upsilon/install/upsilon/share/upsilon/launch
[1.235s] copying launch/task1.launch.py -> /home/upsilon/colcon_ws/rins-upsilon/install/upsilon/share/upsilon/launch
[1.235s] creating /home/upsilon/colcon_ws/rins-upsilon/install/upsilon/share/upsilon/map
[1.235s] copying map/map.yaml -> /home/upsilon/colcon_ws/rins-upsilon/install/upsilon/share/upsilon/map
[1.235s] copying map/map.pgm -> /home/upsilon/colcon_ws/rins-upsilon/install/upsilon/share/upsilon/map
[1.235s] running install_egg_info
[1.256s] Copying ../build/upsilon/upsilon.egg-info to /home/upsilon/colcon_ws/rins-upsilon/install/upsilon/lib/python3.12/site-packages/upsilon-0.1.0-py3.12.egg-info
[1.257s] running install_scripts
[1.387s] Installing controller script to /home/upsilon/colcon_ws/rins-upsilon/install/upsilon/lib/upsilon
[1.387s] Installing face_detector script to /home/upsilon/colcon_ws/rins-upsilon/install/upsilon/lib/upsilon
[1.387s] Installing ring_detector script to /home/upsilon/colcon_ws/rins-upsilon/install/upsilon/lib/upsilon
[1.387s] Installing speech script to /home/upsilon/colcon_ws/rins-upsilon/install/upsilon/lib/upsilon
[1.388s] writing list of installed files to '/home/upsilon/colcon_ws/rins-upsilon/build/upsilon/install.log'
[1.436s] Invoked command in '/home/upsilon/colcon_ws/rins-upsilon/upsilon' returned '0': DEBUGINFOD_URLS=https://debuginfod.ubuntu.com PYTHONPATH=/home/upsilon/colcon_ws/rins-upsilon/build/upsilon/prefix_override:/usr/lib/python3/dist-packages/colcon_core/task/python/colcon_distutils_commands:/home/upsilon/colcon_ws/rins-upsilon/install/upsilon/lib/python3.12/site-packages:${PYTHONPATH} /usr/bin/python3 -W ignore:setup.py install is deprecated -W ignore:easy_install command is deprecated setup.py egg_info --egg-base ../build/upsilon build --build-base /home/upsilon/colcon_ws/rins-upsilon/build/upsilon/build install --record /home/upsilon/colcon_ws/rins-upsilon/build/upsilon/install.log --single-version-externally-managed install_data
