[0.532s] Invoking command in '/home/upsilon/colcon_ws/rins-upsilon/build/upsilon': DEBUGINFOD_URLS=https://debuginfod.ubuntu.com PYTHONPATH=/home/upsilon/colcon_ws/rins-upsilon/build/upsilon/prefix_override:/usr/lib/python3/dist-packages/colcon_core/task/python/colcon_distutils_commands:/home/upsilon/colcon_ws/rins-upsilon/install/upsilon/lib/python3.12/site-packages:${PYTHONPATH} /usr/bin/python3 -W ignore:setup.py install is deprecated -W ignore:easy_install command is deprecated setup.py develop --uninstall --editable --build-directory /home/upsilon/colcon_ws/rins-upsilon/build/upsilon/build
[0.730s] running develop
[0.870s] Removing /home/upsilon/colcon_ws/rins-upsilon/install/upsilon/lib/python3.12/site-packages/upsilon.egg-link (link to .)
[0.887s] Invoked command in '/home/upsilon/colcon_ws/rins-upsilon/build/upsilon' returned '0': DEBUGINFOD_URLS=https://debuginfod.ubuntu.com PYTHONPATH=/home/upsilon/colcon_ws/rins-upsilon/build/upsilon/prefix_override:/usr/lib/python3/dist-packages/colcon_core/task/python/colcon_distutils_commands:/home/upsilon/colcon_ws/rins-upsilon/install/upsilon/lib/python3.12/site-packages:${PYTHONPATH} /usr/bin/python3 -W ignore:setup.py install is deprecated -W ignore:easy_install command is deprecated setup.py develop --uninstall --editable --build-directory /home/upsilon/colcon_ws/rins-upsilon/build/upsilon/build
[0.888s] Invoking command in '/home/upsilon/colcon_ws/rins-upsilon/upsilon': DEBUGINFOD_URLS=https://debuginfod.ubuntu.com PYTHONPATH=/home/upsilon/colcon_ws/rins-upsilon/build/upsilon/prefix_override:/usr/lib/python3/dist-packages/colcon_core/task/python/colcon_distutils_commands:/home/upsilon/colcon_ws/rins-upsilon/install/upsilon/lib/python3.12/site-packages:${PYTHONPATH} /usr/bin/python3 -W ignore:setup.py install is deprecated -W ignore:easy_install command is deprecated setup.py egg_info --egg-base ../build/upsilon build --build-base /home/upsilon/colcon_ws/rins-upsilon/build/upsilon/build install --record /home/upsilon/colcon_ws/rins-upsilon/build/upsilon/install.log --single-version-externally-managed install_data --force
[1.066s] running egg_info
[1.079s] writing ../build/upsilon/upsilon.egg-info/PKG-INFO
[1.079s] writing dependency_links to ../build/upsilon/upsilon.egg-info/dependency_links.txt
[1.079s] writing entry points to ../build/upsilon/upsilon.egg-info/entry_points.txt
[1.080s] writing requirements to ../build/upsilon/upsilon.egg-info/requires.txt
[1.080s] writing top-level names to ../build/upsilon/upsilon.egg-info/top_level.txt
[1.107s] reading manifest file '../build/upsilon/upsilon.egg-info/SOURCES.txt'
[1.108s] writing manifest file '../build/upsilon/upsilon.egg-info/SOURCES.txt'
[1.108s] running build
[1.108s] running build_py
[1.108s] copying upsilon/controller.py -> /home/upsilon/colcon_ws/rins-upsilon/build/upsilon/build/lib/upsilon
[1.108s] running install
[1.112s] running install_lib
[1.126s] creating /home/upsilon/colcon_ws/rins-upsilon/install/upsilon/lib/python3.12/site-packages/upsilon
[1.126s] copying /home/upsilon/colcon_ws/rins-upsilon/build/upsilon/build/lib/upsilon/__init__.py -> /home/upsilon/colcon_ws/rins-upsilon/install/upsilon/lib/python3.12/site-packages/upsilon
[1.126s] copying /home/upsilon/colcon_ws/rins-upsilon/build/upsilon/build/lib/upsilon/speech.py -> /home/upsilon/colcon_ws/rins-upsilon/install/upsilon/lib/python3.12/site-packages/upsilon
[1.126s] copying /home/upsilon/colcon_ws/rins-upsilon/build/upsilon/build/lib/upsilon/visualizer.py -> /home/upsilon/colcon_ws/rins-upsilon/install/upsilon/lib/python3.12/site-packages/upsilon
[1.126s] copying /home/upsilon/colcon_ws/rins-upsilon/build/upsilon/build/lib/upsilon/face_detector.py -> /home/upsilon/colcon_ws/rins-upsilon/install/upsilon/lib/python3.12/site-packages/upsilon
[1.126s] copying /home/upsilon/colcon_ws/rins-upsilon/build/upsilon/build/lib/upsilon/controller.py -> /home/upsilon/colcon_ws/rins-upsilon/install/upsilon/lib/python3.12/site-packages/upsilon
[1.127s] copying /home/upsilon/colcon_ws/rins-upsilon/build/upsilon/build/lib/upsilon/perception_utils.py -> /home/upsilon/colcon_ws/rins-upsilon/install/upsilon/lib/python3.12/site-packages/upsilon
[1.127s] copying /home/upsilon/colcon_ws/rins-upsilon/build/upsilon/build/lib/upsilon/ring_detector.py -> /home/upsilon/colcon_ws/rins-upsilon/install/upsilon/lib/python3.12/site-packages/upsilon
[1.127s] byte-compiling /home/upsilon/colcon_ws/rins-upsilon/install/upsilon/lib/python3.12/site-packages/upsilon/__init__.py to __init__.cpython-312.pyc
[1.127s] byte-compiling /home/upsilon/colcon_ws/rins-upsilon/install/upsilon/lib/python3.12/site-packages/upsilon/speech.py to speech.cpython-312.pyc
[1.127s] byte-compiling /home/upsilon/colcon_ws/rins-upsilon/install/upsilon/lib/python3.12/site-packages/upsilon/visualizer.py to visualizer.cpython-312.pyc
[1.128s] byte-compiling /home/upsilon/colcon_ws/rins-upsilon/install/upsilon/lib/python3.12/site-packages/upsilon/face_detector.py to face_detector.cpython-312.pyc
[1.129s] byte-compiling /home/upsilon/colcon_ws/rins-upsilon/install/upsilon/lib/python3.12/site-packages/upsilon/controller.py to controller.cpython-312.pyc
[1.132s] byte-compiling /home/upsilon/colcon_ws/rins-upsilon/install/upsilon/lib/python3.12/site-packages/upsilon/perception_utils.py to perception_utils.cpython-312.pyc
[1.133s] byte-compiling /home/upsilon/colcon_ws/rins-upsilon/install/upsilon/lib/python3.12/site-packages/upsilon/ring_detector.py to ring_detector.cpython-312.pyc
[1.135s] running install_data
[1.135s] copying resource/upsilon -> /home/upsilon/colcon_ws/rins-upsilon/install/upsilon/share/ament_index/resource_index/packages
[1.135s] copying package.xml -> /home/upsilon/colcon_ws/rins-upsilon/install/upsilon/share/upsilon
[1.135s] copying launch/detectors_only.launch.py -> /home/upsilon/colcon_ws/rins-upsilon/install/upsilon/share/upsilon/launch
[1.135s] copying launch/task1.launch.py -> /home/upsilon/colcon_ws/rins-upsilon/install/upsilon/share/upsilon/launch
[1.135s] copying launch/exploration_only.launch.py -> /home/upsilon/colcon_ws/rins-upsilon/install/upsilon/share/upsilon/launch
[1.135s] copying config/nav2.yaml -> /home/upsilon/colcon_ws/rins-upsilon/install/upsilon/share/upsilon/config
[1.136s] copying config/upsilon.rviz -> /home/upsilon/colcon_ws/rins-upsilon/install/upsilon/share/upsilon/config
[1.136s] copying map/map.yaml -> /home/upsilon/colcon_ws/rins-upsilon/install/upsilon/share/upsilon/map
[1.136s] copying map/realMap.yaml -> /home/upsilon/colcon_ws/rins-upsilon/install/upsilon/share/upsilon/map
[1.136s] copying map/realMap.pgm -> /home/upsilon/colcon_ws/rins-upsilon/install/upsilon/share/upsilon/map
[1.136s] copying map/map.pgm -> /home/upsilon/colcon_ws/rins-upsilon/install/upsilon/share/upsilon/map
[1.137s] copying sounds/red.mp3 -> /home/upsilon/colcon_ws/rins-upsilon/install/upsilon/share/upsilon/sounds
[1.137s] copying sounds/hello.mp3 -> /home/upsilon/colcon_ws/rins-upsilon/install/upsilon/share/upsilon/sounds
[1.137s] copying sounds/green.mp3 -> /home/upsilon/colcon_ws/rins-upsilon/install/upsilon/share/upsilon/sounds
[1.137s] copying sounds/blue.mp3 -> /home/upsilon/colcon_ws/rins-upsilon/install/upsilon/share/upsilon/sounds
[1.138s] copying sounds/orange.mp3 -> /home/upsilon/colcon_ws/rins-upsilon/install/upsilon/share/upsilon/sounds
[1.138s] running install_egg_info
[1.153s] Copying ../build/upsilon/upsilon.egg-info to /home/upsilon/colcon_ws/rins-upsilon/install/upsilon/lib/python3.12/site-packages/upsilon-0.1.0-py3.12.egg-info
[1.153s] running install_scripts
[1.241s] Installing controller script to /home/upsilon/colcon_ws/rins-upsilon/install/upsilon/lib/upsilon
[1.242s] Installing face_detector script to /home/upsilon/colcon_ws/rins-upsilon/install/upsilon/lib/upsilon
[1.242s] Installing ring_detector script to /home/upsilon/colcon_ws/rins-upsilon/install/upsilon/lib/upsilon
[1.242s] Installing speech script to /home/upsilon/colcon_ws/rins-upsilon/install/upsilon/lib/upsilon
[1.242s] Installing visualizer script to /home/upsilon/colcon_ws/rins-upsilon/install/upsilon/lib/upsilon
[1.242s] writing list of installed files to '/home/upsilon/colcon_ws/rins-upsilon/build/upsilon/install.log'
[1.257s] Invoked command in '/home/upsilon/colcon_ws/rins-upsilon/upsilon' returned '0': DEBUGINFOD_URLS=https://debuginfod.ubuntu.com PYTHONPATH=/home/upsilon/colcon_ws/rins-upsilon/build/upsilon/prefix_override:/usr/lib/python3/dist-packages/colcon_core/task/python/colcon_distutils_commands:/home/upsilon/colcon_ws/rins-upsilon/install/upsilon/lib/python3.12/site-packages:${PYTHONPATH} /usr/bin/python3 -W ignore:setup.py install is deprecated -W ignore:easy_install command is deprecated setup.py egg_info --egg-base ../build/upsilon build --build-base /home/upsilon/colcon_ws/rins-upsilon/build/upsilon/build install --record /home/upsilon/colcon_ws/rins-upsilon/build/upsilon/install.log --single-version-externally-managed install_data --force
