[0.152s] DEBUG:colcon:Command line arguments: ['/usr/bin/colcon', 'build', '--packages-select', 'upsilon', '--symlink-install']
[0.152s] DEBUG:colcon:Parsed command line arguments: Namespace(log_base=None, log_level=None, verb_name='build', build_base='build', install_base='install', merge_install=False, symlink_install=True, test_result_base=None, continue_on_error=False, executor='parallel', parallel_workers=16, event_handlers=None, ignore_user_meta=False, metas=['./colcon.meta'], base_paths=['.'], packages_ignore=None, packages_ignore_regex=None, paths=None, packages_up_to=None, packages_up_to_regex=None, packages_above=None, packages_above_and_dependencies=None, packages_above_depth=None, packages_select_by_dep=None, packages_skip_by_dep=None, packages_skip_up_to=None, packages_select_build_failed=False, packages_skip_build_finished=False, packages_select_test_failures=False, packages_skip_test_passed=False, packages_select=['upsilon'], packages_skip=None, packages_select_regex=None, packages_skip_regex=None, packages_start=None, packages_end=None, allow_overriding=[], cmake_args=None, cmake_target=None, cmake_target_skip_unavailable=False, cmake_clean_cache=False, cmake_clean_first=False, cmake_force_configure=False, ament_cmake_args=None, catkin_cmake_args=None, catkin_skip_building_tests=False, mixin_files=None, mixin=None, verb_parser=<colcon_mixin.mixin.mixin_argument.MixinArgumentDecorator object at 0x7dfe35297c50>, verb_extension=<colcon_core.verb.build.BuildVerb object at 0x7dfe353b3a10>, main=<bound method BuildVerb.main of <colcon_core.verb.build.BuildVerb object at 0x7dfe353b3a10>>, mixin_verb=('build',))
[0.205s] Level 1:colcon.colcon_core.package_discovery:discover_packages(colcon_meta) check parameters
[0.206s] Level 1:colcon.colcon_core.package_discovery:discover_packages(recursive) check parameters
[0.207s] Level 1:colcon.colcon_core.package_discovery:discover_packages(ignore) check parameters
[0.207s] Level 1:colcon.colcon_core.package_discovery:discover_packages(path) check parameters
[0.207s] Level 1:colcon.colcon_core.package_discovery:discover_packages(colcon_meta) discover
[0.207s] Level 1:colcon.colcon_core.package_discovery:discover_packages(recursive) discover
[0.207s] INFO:colcon.colcon_core.package_discovery:Crawling recursively for packages in '/home/upsilon/colcon_ws/rins-upsilon'
[0.207s] Level 1:colcon.colcon_core.package_identification:_identify(.) by extensions ['ignore', 'ignore_ament_install']
[0.207s] Level 1:colcon.colcon_core.package_identification:_identify(.) by extension 'ignore'
[0.207s] Level 1:colcon.colcon_core.package_identification:_identify(.) by extension 'ignore_ament_install'
[0.207s] Level 1:colcon.colcon_core.package_identification:_identify(.) by extensions ['colcon_pkg']
[0.207s] Level 1:colcon.colcon_core.package_identification:_identify(.) by extension 'colcon_pkg'
[0.208s] Level 1:colcon.colcon_core.package_identification:_identify(.) by extensions ['colcon_meta']
[0.208s] Level 1:colcon.colcon_core.package_identification:_identify(.) by extension 'colcon_meta'
[0.208s] Level 1:colcon.colcon_core.package_identification:_identify(.) by extensions ['ros']
[0.208s] Level 1:colcon.colcon_core.package_identification:_identify(.) by extension 'ros'
[0.247s] Level 1:colcon.colcon_core.package_identification:_identify(.) by extensions ['cmake', 'python']
[0.247s] Level 1:colcon.colcon_core.package_identification:_identify(.) by extension 'cmake'
[0.247s] Level 1:colcon.colcon_core.package_identification:_identify(.) by extension 'python'
[0.247s] Level 1:colcon.colcon_core.package_identification:_identify(.) by extensions ['python_setup_py']
[0.247s] Level 1:colcon.colcon_core.package_identification:_identify(.) by extension 'python_setup_py'
[0.248s] Level 1:colcon.colcon_core.package_identification:_identify(build) by extensions ['ignore', 'ignore_ament_install']
[0.248s] Level 1:colcon.colcon_core.package_identification:_identify(build) by extension 'ignore'
[0.248s] Level 1:colcon.colcon_core.package_identification:_identify(build) ignored
[0.248s] Level 1:colcon.colcon_core.package_identification:_identify(dis_tutorial1) by extensions ['ignore', 'ignore_ament_install']
[0.248s] Level 1:colcon.colcon_core.package_identification:_identify(dis_tutorial1) by extension 'ignore'
[0.248s] Level 1:colcon.colcon_core.package_identification:_identify(dis_tutorial1) by extension 'ignore_ament_install'
[0.248s] Level 1:colcon.colcon_core.package_identification:_identify(dis_tutorial1) by extensions ['colcon_pkg']
[0.248s] Level 1:colcon.colcon_core.package_identification:_identify(dis_tutorial1) by extension 'colcon_pkg'
[0.249s] Level 1:colcon.colcon_core.package_identification:_identify(dis_tutorial1) by extensions ['colcon_meta']
[0.249s] Level 1:colcon.colcon_core.package_identification:_identify(dis_tutorial1) by extension 'colcon_meta'
[0.249s] Level 1:colcon.colcon_core.package_identification:_identify(dis_tutorial1) by extensions ['ros']
[0.249s] Level 1:colcon.colcon_core.package_identification:_identify(dis_tutorial1) by extension 'ros'
[0.249s] Level 1:colcon.colcon_core.package_identification:_identify(dis_tutorial1) by extensions ['cmake', 'python']
[0.249s] Level 1:colcon.colcon_core.package_identification:_identify(dis_tutorial1) by extension 'cmake'
[0.249s] Level 1:colcon.colcon_core.package_identification:_identify(dis_tutorial1) by extension 'python'
[0.249s] Level 1:colcon.colcon_core.package_identification:_identify(dis_tutorial1) by extensions ['python_setup_py']
[0.249s] Level 1:colcon.colcon_core.package_identification:_identify(dis_tutorial1) by extension 'python_setup_py'
[0.249s] Level 1:colcon.colcon_core.package_identification:_identify(dis_tutorial2) by extensions ['ignore', 'ignore_ament_install']
[0.249s] Level 1:colcon.colcon_core.package_identification:_identify(dis_tutorial2) by extension 'ignore'
[0.249s] Level 1:colcon.colcon_core.package_identification:_identify(dis_tutorial2) by extension 'ignore_ament_install'
[0.249s] Level 1:colcon.colcon_core.package_identification:_identify(dis_tutorial2) by extensions ['colcon_pkg']
[0.249s] Level 1:colcon.colcon_core.package_identification:_identify(dis_tutorial2) by extension 'colcon_pkg'
[0.249s] Level 1:colcon.colcon_core.package_identification:_identify(dis_tutorial2) by extensions ['colcon_meta']
[0.249s] Level 1:colcon.colcon_core.package_identification:_identify(dis_tutorial2) by extension 'colcon_meta'
[0.249s] Level 1:colcon.colcon_core.package_identification:_identify(dis_tutorial2) by extensions ['ros']
[0.249s] Level 1:colcon.colcon_core.package_identification:_identify(dis_tutorial2) by extension 'ros'
[0.249s] Level 1:colcon.colcon_core.package_identification:_identify(dis_tutorial2) by extensions ['cmake', 'python']
[0.249s] Level 1:colcon.colcon_core.package_identification:_identify(dis_tutorial2) by extension 'cmake'
[0.250s] Level 1:colcon.colcon_core.package_identification:_identify(dis_tutorial2) by extension 'python'
[0.250s] Level 1:colcon.colcon_core.package_identification:_identify(dis_tutorial2) by extensions ['python_setup_py']
[0.250s] Level 1:colcon.colcon_core.package_identification:_identify(dis_tutorial2) by extension 'python_setup_py'
[0.250s] Level 1:colcon.colcon_core.package_identification:_identify(dis_tutorial3) by extensions ['ignore', 'ignore_ament_install']
[0.250s] Level 1:colcon.colcon_core.package_identification:_identify(dis_tutorial3) by extension 'ignore'
[0.250s] Level 1:colcon.colcon_core.package_identification:_identify(dis_tutorial3) by extension 'ignore_ament_install'
[0.250s] Level 1:colcon.colcon_core.package_identification:_identify(dis_tutorial3) by extensions ['colcon_pkg']
[0.250s] Level 1:colcon.colcon_core.package_identification:_identify(dis_tutorial3) by extension 'colcon_pkg'
[0.250s] Level 1:colcon.colcon_core.package_identification:_identify(dis_tutorial3) by extensions ['colcon_meta']
[0.250s] Level 1:colcon.colcon_core.package_identification:_identify(dis_tutorial3) by extension 'colcon_meta'
[0.250s] Level 1:colcon.colcon_core.package_identification:_identify(dis_tutorial3) by extensions ['ros']
[0.250s] Level 1:colcon.colcon_core.package_identification:_identify(dis_tutorial3) by extension 'ros'
[0.250s] Level 1:colcon.colcon_core.package_identification:_identify(dis_tutorial3) by extensions ['cmake', 'python']
[0.250s] Level 1:colcon.colcon_core.package_identification:_identify(dis_tutorial3) by extension 'cmake'
[0.250s] Level 1:colcon.colcon_core.package_identification:_identify(dis_tutorial3) by extension 'python'
[0.250s] Level 1:colcon.colcon_core.package_identification:_identify(dis_tutorial3) by extensions ['python_setup_py']
[0.250s] Level 1:colcon.colcon_core.package_identification:_identify(dis_tutorial3) by extension 'python_setup_py'
[0.251s] Level 1:colcon.colcon_core.package_identification:_identify(dis_tutorial4) by extensions ['ignore', 'ignore_ament_install']
[0.251s] Level 1:colcon.colcon_core.package_identification:_identify(dis_tutorial4) by extension 'ignore'
[0.251s] Level 1:colcon.colcon_core.package_identification:_identify(dis_tutorial4) by extension 'ignore_ament_install'
[0.251s] Level 1:colcon.colcon_core.package_identification:_identify(dis_tutorial4) by extensions ['colcon_pkg']
[0.251s] Level 1:colcon.colcon_core.package_identification:_identify(dis_tutorial4) by extension 'colcon_pkg'
[0.251s] Level 1:colcon.colcon_core.package_identification:_identify(dis_tutorial4) by extensions ['colcon_meta']
[0.251s] Level 1:colcon.colcon_core.package_identification:_identify(dis_tutorial4) by extension 'colcon_meta'
[0.251s] Level 1:colcon.colcon_core.package_identification:_identify(dis_tutorial4) by extensions ['ros']
[0.251s] Level 1:colcon.colcon_core.package_identification:_identify(dis_tutorial4) by extension 'ros'
[0.251s] Level 1:colcon.colcon_core.package_identification:_identify(dis_tutorial4) by extensions ['cmake', 'python']
[0.251s] Level 1:colcon.colcon_core.package_identification:_identify(dis_tutorial4) by extension 'cmake'
[0.251s] Level 1:colcon.colcon_core.package_identification:_identify(dis_tutorial4) by extension 'python'
[0.251s] Level 1:colcon.colcon_core.package_identification:_identify(dis_tutorial4) by extensions ['python_setup_py']
[0.251s] Level 1:colcon.colcon_core.package_identification:_identify(dis_tutorial4) by extension 'python_setup_py'
[0.251s] Level 1:colcon.colcon_core.package_identification:_identify(dis_tutorial5) by extensions ['ignore', 'ignore_ament_install']
[0.252s] Level 1:colcon.colcon_core.package_identification:_identify(dis_tutorial5) by extension 'ignore'
[0.252s] Level 1:colcon.colcon_core.package_identification:_identify(dis_tutorial5) by extension 'ignore_ament_install'
[0.252s] Level 1:colcon.colcon_core.package_identification:_identify(dis_tutorial5) by extensions ['colcon_pkg']
[0.252s] Level 1:colcon.colcon_core.package_identification:_identify(dis_tutorial5) by extension 'colcon_pkg'
[0.252s] Level 1:colcon.colcon_core.package_identification:_identify(dis_tutorial5) by extensions ['colcon_meta']
[0.252s] Level 1:colcon.colcon_core.package_identification:_identify(dis_tutorial5) by extension 'colcon_meta'
[0.252s] Level 1:colcon.colcon_core.package_identification:_identify(dis_tutorial5) by extensions ['ros']
[0.252s] Level 1:colcon.colcon_core.package_identification:_identify(dis_tutorial5) by extension 'ros'
[0.252s] Level 1:colcon.colcon_core.package_identification:_identify(dis_tutorial5) by extensions ['cmake', 'python']
[0.252s] Level 1:colcon.colcon_core.package_identification:_identify(dis_tutorial5) by extension 'cmake'
[0.252s] Level 1:colcon.colcon_core.package_identification:_identify(dis_tutorial5) by extension 'python'
[0.252s] Level 1:colcon.colcon_core.package_identification:_identify(dis_tutorial5) by extensions ['python_setup_py']
[0.252s] Level 1:colcon.colcon_core.package_identification:_identify(dis_tutorial5) by extension 'python_setup_py'
[0.252s] Level 1:colcon.colcon_core.package_identification:_identify(install) by extensions ['ignore', 'ignore_ament_install']
[0.252s] Level 1:colcon.colcon_core.package_identification:_identify(install) by extension 'ignore'
[0.252s] Level 1:colcon.colcon_core.package_identification:_identify(install) ignored
[0.252s] Level 1:colcon.colcon_core.package_identification:_identify(instructions) by extensions ['ignore', 'ignore_ament_install']
[0.252s] Level 1:colcon.colcon_core.package_identification:_identify(instructions) by extension 'ignore'
[0.253s] Level 1:colcon.colcon_core.package_identification:_identify(instructions) by extension 'ignore_ament_install'
[0.253s] Level 1:colcon.colcon_core.package_identification:_identify(instructions) by extensions ['colcon_pkg']
[0.253s] Level 1:colcon.colcon_core.package_identification:_identify(instructions) by extension 'colcon_pkg'
[0.253s] Level 1:colcon.colcon_core.package_identification:_identify(instructions) by extensions ['colcon_meta']
[0.253s] Level 1:colcon.colcon_core.package_identification:_identify(instructions) by extension 'colcon_meta'
[0.253s] Level 1:colcon.colcon_core.package_identification:_identify(instructions) by extensions ['ros']
[0.253s] Level 1:colcon.colcon_core.package_identification:_identify(instructions) by extension 'ros'
[0.253s] Level 1:colcon.colcon_core.package_identification:_identify(instructions) by extensions ['cmake', 'python']
[0.253s] Level 1:colcon.colcon_core.package_identification:_identify(instructions) by extension 'cmake'
[0.253s] Level 1:colcon.colcon_core.package_identification:_identify(instructions) by extension 'python'
[0.253s] Level 1:colcon.colcon_core.package_identification:_identify(instructions) by extensions ['python_setup_py']
[0.253s] Level 1:colcon.colcon_core.package_identification:_identify(instructions) by extension 'python_setup_py'
[0.253s] Level 1:colcon.colcon_core.package_identification:_identify(log) by extensions ['ignore', 'ignore_ament_install']
[0.253s] Level 1:colcon.colcon_core.package_identification:_identify(log) by extension 'ignore'
[0.253s] Level 1:colcon.colcon_core.package_identification:_identify(log) ignored
[0.253s] Level 1:colcon.colcon_core.package_identification:_identify(upsilon) by extensions ['ignore', 'ignore_ament_install']
[0.254s] Level 1:colcon.colcon_core.package_identification:_identify(upsilon) by extension 'ignore'
[0.254s] Level 1:colcon.colcon_core.package_identification:_identify(upsilon) by extension 'ignore_ament_install'
[0.254s] Level 1:colcon.colcon_core.package_identification:_identify(upsilon) by extensions ['colcon_pkg']
[0.254s] Level 1:colcon.colcon_core.package_identification:_identify(upsilon) by extension 'colcon_pkg'
[0.254s] Level 1:colcon.colcon_core.package_identification:_identify(upsilon) by extensions ['colcon_meta']
[0.254s] Level 1:colcon.colcon_core.package_identification:_identify(upsilon) by extension 'colcon_meta'
[0.254s] Level 1:colcon.colcon_core.package_identification:_identify(upsilon) by extensions ['ros']
[0.254s] Level 1:colcon.colcon_core.package_identification:_identify(upsilon) by extension 'ros'
[0.257s] DEBUG:colcon.colcon_core.package_identification:Package 'upsilon' with type 'ros.ament_python' and name 'upsilon'
[0.257s] Level 1:colcon.colcon_core.package_discovery:discover_packages(recursive) using defaults
[0.257s] Level 1:colcon.colcon_core.package_discovery:discover_packages(ignore) discover
[0.257s] Level 1:colcon.colcon_core.package_discovery:discover_packages(ignore) using defaults
[0.257s] Level 1:colcon.colcon_core.package_discovery:discover_packages(path) discover
[0.257s] Level 1:colcon.colcon_core.package_discovery:discover_packages(path) using defaults
[0.282s] Level 1:colcon.colcon_core.package_discovery:discover_packages(prefix_path) check parameters
[0.282s] Level 1:colcon.colcon_core.package_discovery:discover_packages(prefix_path) discover
[0.286s] DEBUG:colcon.colcon_installed_package_information.package_discovery:Found 4 installed packages in /home/upsilon/colcon_ws/install
[0.288s] DEBUG:colcon.colcon_installed_package_information.package_discovery:Found 463 installed packages in /opt/ros/jazzy
[0.292s] Level 1:colcon.colcon_core.package_discovery:discover_packages(prefix_path) using defaults
[0.367s] Level 5:colcon.colcon_core.verb:set package 'upsilon' build argument 'cmake_args' from command line to 'None'
[0.367s] Level 5:colcon.colcon_core.verb:set package 'upsilon' build argument 'cmake_target' from command line to 'None'
[0.367s] Level 5:colcon.colcon_core.verb:set package 'upsilon' build argument 'cmake_target_skip_unavailable' from command line to 'False'
[0.367s] Level 5:colcon.colcon_core.verb:set package 'upsilon' build argument 'cmake_clean_cache' from command line to 'False'
[0.367s] Level 5:colcon.colcon_core.verb:set package 'upsilon' build argument 'cmake_clean_first' from command line to 'False'
[0.367s] Level 5:colcon.colcon_core.verb:set package 'upsilon' build argument 'cmake_force_configure' from command line to 'False'
[0.367s] Level 5:colcon.colcon_core.verb:set package 'upsilon' build argument 'ament_cmake_args' from command line to 'None'
[0.367s] Level 5:colcon.colcon_core.verb:set package 'upsilon' build argument 'catkin_cmake_args' from command line to 'None'
[0.367s] Level 5:colcon.colcon_core.verb:set package 'upsilon' build argument 'catkin_skip_building_tests' from command line to 'False'
[0.367s] DEBUG:colcon.colcon_core.verb:Building package 'upsilon' with the following arguments: {'ament_cmake_args': None, 'build_base': '/home/upsilon/colcon_ws/rins-upsilon/build/upsilon', 'catkin_cmake_args': None, 'catkin_skip_building_tests': False, 'cmake_args': None, 'cmake_clean_cache': False, 'cmake_clean_first': False, 'cmake_force_configure': False, 'cmake_target': None, 'cmake_target_skip_unavailable': False, 'install_base': '/home/upsilon/colcon_ws/rins-upsilon/install/upsilon', 'merge_install': False, 'path': '/home/upsilon/colcon_ws/rins-upsilon/upsilon', 'symlink_install': True, 'test_result_base': None}
[0.368s] INFO:colcon.colcon_core.executor:Executing jobs using 'parallel' executor
[0.370s] DEBUG:colcon.colcon_parallel_executor.executor.parallel:run_until_complete
[0.370s] INFO:colcon.colcon_ros.task.ament_python.build:Building ROS package in '/home/upsilon/colcon_ws/rins-upsilon/upsilon' with build type 'ament_python'
[0.370s] Level 1:colcon.colcon_core.shell:create_environment_hook('upsilon', 'ament_prefix_path')
[0.372s] INFO:colcon.colcon_core.plugin_system:Skipping extension 'colcon_core.shell.bat': Not used on non-Windows systems
[0.373s] INFO:colcon.colcon_core.shell:Creating environment hook '/home/upsilon/colcon_ws/rins-upsilon/install/upsilon/share/upsilon/hook/ament_prefix_path.ps1'
[0.374s] INFO:colcon.colcon_core.shell:Creating environment descriptor '/home/upsilon/colcon_ws/rins-upsilon/install/upsilon/share/upsilon/hook/ament_prefix_path.dsv'
[0.374s] INFO:colcon.colcon_core.shell:Creating environment hook '/home/upsilon/colcon_ws/rins-upsilon/install/upsilon/share/upsilon/hook/ament_prefix_path.sh'
[0.375s] INFO:colcon.colcon_core.shell:Skip shell extension 'powershell' for command environment: Not usable outside of PowerShell
[0.375s] DEBUG:colcon.colcon_core.shell:Skip shell extension 'dsv' for command environment
[0.731s] INFO:colcon.colcon_core.task.python.build:Building Python package in '/home/upsilon/colcon_ws/rins-upsilon/upsilon'
[0.732s] INFO:colcon.colcon_core.shell:Skip shell extension 'powershell' for command environment: Not usable outside of PowerShell
[0.732s] DEBUG:colcon.colcon_core.shell:Skip shell extension 'dsv' for command environment
[1.642s] DEBUG:colcon.colcon_core.task.python.build:While undoing a previous installation files outside the Python library path are being ignored: /home/upsilon/colcon_ws/rins-upsilon/install/upsilon/share/ament_index/resource_index/packages/upsilon
[1.643s] DEBUG:colcon.colcon_core.task.python.build:While undoing a previous installation files outside the Python library path are being ignored: /home/upsilon/colcon_ws/rins-upsilon/install/upsilon/share/upsilon/package.xml
[1.643s] DEBUG:colcon.colcon_core.task.python.build:While undoing a previous installation files outside the Python library path are being ignored: /home/upsilon/colcon_ws/rins-upsilon/install/upsilon/share/upsilon/launch/detectors_only.launch.py
[1.643s] DEBUG:colcon.colcon_core.task.python.build:While undoing a previous installation files outside the Python library path are being ignored: /home/upsilon/colcon_ws/rins-upsilon/install/upsilon/share/upsilon/launch/task1.launch.py
[1.643s] DEBUG:colcon.colcon_core.task.python.build:While undoing a previous installation files outside the Python library path are being ignored: /home/upsilon/colcon_ws/rins-upsilon/install/upsilon/share/upsilon/launch/exploration_only.launch.py
[1.643s] DEBUG:colcon.colcon_core.task.python.build:While undoing a previous installation files outside the Python library path are being ignored: /home/upsilon/colcon_ws/rins-upsilon/install/upsilon/share/upsilon/config/upsilon.rviz
[1.643s] DEBUG:colcon.colcon_core.task.python.build:While undoing a previous installation files outside the Python library path are being ignored: /home/upsilon/colcon_ws/rins-upsilon/install/upsilon/share/upsilon/map/map.yaml
[1.643s] DEBUG:colcon.colcon_core.task.python.build:While undoing a previous installation files outside the Python library path are being ignored: /home/upsilon/colcon_ws/rins-upsilon/install/upsilon/share/upsilon/map/map.pgm
[1.643s] DEBUG:colcon.colcon_core.task.python.build:While undoing a previous installation files outside the Python library path are being ignored: /home/upsilon/colcon_ws/rins-upsilon/install/upsilon/lib/upsilon/controller
[1.643s] DEBUG:colcon.colcon_core.task.python.build:While undoing a previous installation files outside the Python library path are being ignored: /home/upsilon/colcon_ws/rins-upsilon/install/upsilon/lib/upsilon/face_detector
[1.643s] DEBUG:colcon.colcon_core.task.python.build:While undoing a previous installation files outside the Python library path are being ignored: /home/upsilon/colcon_ws/rins-upsilon/install/upsilon/lib/upsilon/ring_detector
[1.643s] DEBUG:colcon.colcon_core.task.python.build:While undoing a previous installation files outside the Python library path are being ignored: /home/upsilon/colcon_ws/rins-upsilon/install/upsilon/lib/upsilon/speech
[1.643s] DEBUG:colcon.colcon_core.task.python.build:While undoing a previous installation files outside the Python library path are being ignored: /home/upsilon/colcon_ws/rins-upsilon/install/upsilon/lib/upsilon/visualizer
[1.646s] DEBUG:colcon.colcon_core.event_handler.log_command:Invoking command in '/home/upsilon/colcon_ws/rins-upsilon/build/upsilon': DEBUGINFOD_URLS=https://debuginfod.ubuntu.com PYTHONPATH=/home/upsilon/colcon_ws/rins-upsilon/build/upsilon/prefix_override:/usr/lib/python3/dist-packages/colcon_core/task/python/colcon_distutils_commands:/home/upsilon/colcon_ws/rins-upsilon/install/upsilon/lib/python3.12/site-packages:${PYTHONPATH} /usr/bin/python3 -W ignore:setup.py install is deprecated -W ignore:easy_install command is deprecated setup.py develop --editable --build-directory /home/upsilon/colcon_ws/rins-upsilon/build/upsilon/build --no-deps symlink_data --force
[2.675s] Level 1:colcon.colcon_core.shell:create_environment_hook('upsilon', 'pythonpath_develop')
[2.676s] INFO:colcon.colcon_core.shell:Creating environment hook '/home/upsilon/colcon_ws/rins-upsilon/build/upsilon/share/upsilon/hook/pythonpath_develop.ps1'
[2.679s] DEBUG:colcon.colcon_core.event_handler.log_command:Invoked command in '/home/upsilon/colcon_ws/rins-upsilon/build/upsilon' returned '0': DEBUGINFOD_URLS=https://debuginfod.ubuntu.com PYTHONPATH=/home/upsilon/colcon_ws/rins-upsilon/build/upsilon/prefix_override:/usr/lib/python3/dist-packages/colcon_core/task/python/colcon_distutils_commands:/home/upsilon/colcon_ws/rins-upsilon/install/upsilon/lib/python3.12/site-packages:${PYTHONPATH} /usr/bin/python3 -W ignore:setup.py install is deprecated -W ignore:easy_install command is deprecated setup.py develop --editable --build-directory /home/upsilon/colcon_ws/rins-upsilon/build/upsilon/build --no-deps symlink_data --force
[2.681s] INFO:colcon.colcon_core.shell:Creating environment descriptor '/home/upsilon/colcon_ws/rins-upsilon/build/upsilon/share/upsilon/hook/pythonpath_develop.dsv'
[2.682s] INFO:colcon.colcon_core.shell:Creating environment hook '/home/upsilon/colcon_ws/rins-upsilon/build/upsilon/share/upsilon/hook/pythonpath_develop.sh'
[2.686s] Level 1:colcon.colcon_core.environment:checking '/home/upsilon/colcon_ws/rins-upsilon/install/upsilon' for CMake module files
[2.687s] Level 1:colcon.colcon_core.environment:checking '/home/upsilon/colcon_ws/rins-upsilon/install/upsilon' for CMake config files
[2.688s] Level 1:colcon.colcon_core.environment:checking '/home/upsilon/colcon_ws/rins-upsilon/install/upsilon/lib'
[2.689s] Level 1:colcon.colcon_core.environment:checking '/home/upsilon/colcon_ws/rins-upsilon/install/upsilon/bin'
[2.689s] Level 1:colcon.colcon_core.environment:checking '/home/upsilon/colcon_ws/rins-upsilon/install/upsilon/lib/pkgconfig/upsilon.pc'
[2.689s] Level 1:colcon.colcon_core.environment:checking '/home/upsilon/colcon_ws/rins-upsilon/install/upsilon/lib/python3.12/site-packages'
[2.689s] Level 1:colcon.colcon_core.shell:create_environment_hook('upsilon', 'pythonpath')
[2.689s] INFO:colcon.colcon_core.shell:Creating environment hook '/home/upsilon/colcon_ws/rins-upsilon/install/upsilon/share/upsilon/hook/pythonpath.ps1'
[2.691s] INFO:colcon.colcon_core.shell:Creating environment descriptor '/home/upsilon/colcon_ws/rins-upsilon/install/upsilon/share/upsilon/hook/pythonpath.dsv'
[2.691s] INFO:colcon.colcon_core.shell:Creating environment hook '/home/upsilon/colcon_ws/rins-upsilon/install/upsilon/share/upsilon/hook/pythonpath.sh'
[2.692s] Level 1:colcon.colcon_core.environment:checking '/home/upsilon/colcon_ws/rins-upsilon/install/upsilon/bin'
[2.693s] Level 1:colcon.colcon_core.environment:create_environment_scripts_only(upsilon)
[2.693s] INFO:colcon.colcon_core.shell:Creating package script '/home/upsilon/colcon_ws/rins-upsilon/install/upsilon/share/upsilon/package.ps1'
[2.694s] INFO:colcon.colcon_core.shell:Creating package descriptor '/home/upsilon/colcon_ws/rins-upsilon/install/upsilon/share/upsilon/package.dsv'
[2.695s] INFO:colcon.colcon_core.shell:Creating package script '/home/upsilon/colcon_ws/rins-upsilon/install/upsilon/share/upsilon/package.sh'
[2.696s] INFO:colcon.colcon_core.shell:Creating package script '/home/upsilon/colcon_ws/rins-upsilon/install/upsilon/share/upsilon/package.bash'
[2.698s] INFO:colcon.colcon_core.shell:Creating package script '/home/upsilon/colcon_ws/rins-upsilon/install/upsilon/share/upsilon/package.zsh'
[2.698s] Level 1:colcon.colcon_core.environment:create_file_with_runtime_dependencies(/home/upsilon/colcon_ws/rins-upsilon/install/upsilon/share/colcon-core/packages/upsilon)
[2.699s] DEBUG:colcon.colcon_parallel_executor.executor.parallel:closing loop
[2.700s] DEBUG:colcon.colcon_parallel_executor.executor.parallel:loop closed
[2.700s] DEBUG:colcon.colcon_parallel_executor.executor.parallel:run_until_complete finished with '0'
[2.700s] DEBUG:colcon.colcon_core.event_reactor:joining thread
[2.755s] INFO:colcon.colcon_core.plugin_system:Skipping extension 'colcon_notification.desktop_notification.terminal_notifier': Not used on non-Darwin systems
[2.755s] INFO:colcon.colcon_core.plugin_system:Skipping extension 'colcon_notification.desktop_notification.win32': Not used on non-Windows systems
[2.755s] INFO:colcon.colcon_notification.desktop_notification:Sending desktop notification using 'notify2'
[2.802s] DEBUG:colcon.colcon_core.event_reactor:joined thread
[2.803s] INFO:colcon.colcon_core.shell:Creating prefix script '/home/upsilon/colcon_ws/rins-upsilon/install/local_setup.ps1'
[2.806s] INFO:colcon.colcon_core.shell:Creating prefix util module '/home/upsilon/colcon_ws/rins-upsilon/install/_local_setup_util_ps1.py'
[2.808s] INFO:colcon.colcon_core.shell:Creating prefix chain script '/home/upsilon/colcon_ws/rins-upsilon/install/setup.ps1'
[2.811s] INFO:colcon.colcon_core.shell:Creating prefix script '/home/upsilon/colcon_ws/rins-upsilon/install/local_setup.sh'
[2.812s] INFO:colcon.colcon_core.shell:Creating prefix util module '/home/upsilon/colcon_ws/rins-upsilon/install/_local_setup_util_sh.py'
[2.813s] INFO:colcon.colcon_core.shell:Creating prefix chain script '/home/upsilon/colcon_ws/rins-upsilon/install/setup.sh'
[2.815s] INFO:colcon.colcon_core.shell:Creating prefix script '/home/upsilon/colcon_ws/rins-upsilon/install/local_setup.bash'
[2.815s] INFO:colcon.colcon_core.shell:Creating prefix chain script '/home/upsilon/colcon_ws/rins-upsilon/install/setup.bash'
[2.817s] INFO:colcon.colcon_core.shell:Creating prefix script '/home/upsilon/colcon_ws/rins-upsilon/install/local_setup.zsh'
[2.817s] INFO:colcon.colcon_core.shell:Creating prefix chain script '/home/upsilon/colcon_ws/rins-upsilon/install/setup.zsh'
