/home/upsilon/colcon_ws/rins-upsilon/install/upsilon/lib/python3.12/site-packages/upsilon/controller.py
/home/upsilon/colcon_ws/rins-upsilon/install/upsilon/lib/python3.12/site-packages/upsilon/speech.py
/home/upsilon/colcon_ws/rins-upsilon/install/upsilon/lib/python3.12/site-packages/upsilon/blue_line_detector.py
/home/upsilon/colcon_ws/rins-upsilon/install/upsilon/lib/python3.12/site-packages/upsilon/ring_detector.py
/home/upsilon/colcon_ws/rins-upsilon/install/upsilon/lib/python3.12/site-packages/upsilon/visualizer.py
/home/upsilon/colcon_ws/rins-upsilon/install/upsilon/lib/python3.12/site-packages/upsilon/face_detector_task2.py
/home/upsilon/colcon_ws/rins-upsilon/install/upsilon/lib/python3.12/site-packages/upsilon/ring_detector_task2.py
/home/upsilon/colcon_ws/rins-upsilon/install/upsilon/lib/python3.12/site-packages/upsilon/__init__.py
/home/upsilon/colcon_ws/rins-upsilon/install/upsilon/lib/python3.12/site-packages/upsilon/perception_utils.py
/home/upsilon/colcon_ws/rins-upsilon/install/upsilon/lib/python3.12/site-packages/upsilon/ring_detector2.py
/home/upsilon/colcon_ws/rins-upsilon/install/upsilon/lib/python3.12/site-packages/upsilon/face_detector.py
/home/upsilon/colcon_ws/rins-upsilon/install/upsilon/lib/python3.12/site-packages/upsilon/camera_viewer.py
/home/upsilon/colcon_ws/rins-upsilon/install/upsilon/lib/python3.12/site-packages/upsilon/blue_line_follower.py
/home/upsilon/colcon_ws/rins-upsilon/install/upsilon/lib/python3.12/site-packages/upsilon/cylinder_detector_task2.py
/home/upsilon/colcon_ws/rins-upsilon/install/upsilon/lib/python3.12/site-packages/upsilon/wasd_teleop.py
/home/upsilon/colcon_ws/rins-upsilon/install/upsilon/lib/python3.12/site-packages/upsilon/__pycache__/controller.cpython-312.pyc
/home/upsilon/colcon_ws/rins-upsilon/install/upsilon/lib/python3.12/site-packages/upsilon/__pycache__/speech.cpython-312.pyc
/home/upsilon/colcon_ws/rins-upsilon/install/upsilon/lib/python3.12/site-packages/upsilon/__pycache__/blue_line_detector.cpython-312.pyc
/home/upsilon/colcon_ws/rins-upsilon/install/upsilon/lib/python3.12/site-packages/upsilon/__pycache__/ring_detector.cpython-312.pyc
/home/upsilon/colcon_ws/rins-upsilon/install/upsilon/lib/python3.12/site-packages/upsilon/__pycache__/visualizer.cpython-312.pyc
/home/upsilon/colcon_ws/rins-upsilon/install/upsilon/lib/python3.12/site-packages/upsilon/__pycache__/face_detector_task2.cpython-312.pyc
/home/upsilon/colcon_ws/rins-upsilon/install/upsilon/lib/python3.12/site-packages/upsilon/__pycache__/ring_detector_task2.cpython-312.pyc
/home/upsilon/colcon_ws/rins-upsilon/install/upsilon/lib/python3.12/site-packages/upsilon/__pycache__/__init__.cpython-312.pyc
/home/upsilon/colcon_ws/rins-upsilon/install/upsilon/lib/python3.12/site-packages/upsilon/__pycache__/perception_utils.cpython-312.pyc
/home/upsilon/colcon_ws/rins-upsilon/install/upsilon/lib/python3.12/site-packages/upsilon/__pycache__/ring_detector2.cpython-312.pyc
/home/upsilon/colcon_ws/rins-upsilon/install/upsilon/lib/python3.12/site-packages/upsilon/__pycache__/face_detector.cpython-312.pyc
/home/upsilon/colcon_ws/rins-upsilon/install/upsilon/lib/python3.12/site-packages/upsilon/__pycache__/camera_viewer.cpython-312.pyc
/home/upsilon/colcon_ws/rins-upsilon/install/upsilon/lib/python3.12/site-packages/upsilon/__pycache__/blue_line_follower.cpython-312.pyc
/home/upsilon/colcon_ws/rins-upsilon/install/upsilon/lib/python3.12/site-packages/upsilon/__pycache__/cylinder_detector_task2.cpython-312.pyc
/home/upsilon/colcon_ws/rins-upsilon/install/upsilon/lib/python3.12/site-packages/upsilon/__pycache__/wasd_teleop.cpython-312.pyc
/home/upsilon/colcon_ws/rins-upsilon/install/upsilon/share/ament_index/resource_index/packages/upsilon
/home/upsilon/colcon_ws/rins-upsilon/install/upsilon/share/upsilon/package.xml
/home/upsilon/colcon_ws/rins-upsilon/install/upsilon/share/upsilon/launch/localization.launch.py
/home/upsilon/colcon_ws/rins-upsilon/install/upsilon/share/upsilon/launch/task1.launch.py
/home/upsilon/colcon_ws/rins-upsilon/install/upsilon/share/upsilon/launch/task2.launch.py
/home/upsilon/colcon_ws/rins-upsilon/install/upsilon/share/upsilon/launch/detectors_only.launch.py
/home/upsilon/colcon_ws/rins-upsilon/install/upsilon/share/upsilon/launch/camera.launch.py
/home/upsilon/colcon_ws/rins-upsilon/install/upsilon/share/upsilon/launch/task2_teleop.launch.py
/home/upsilon/colcon_ws/rins-upsilon/install/upsilon/share/upsilon/launch/exploration_only.launch.py
/home/upsilon/colcon_ws/rins-upsilon/install/upsilon/share/upsilon/config/keepout_mask.pgm
/home/upsilon/colcon_ws/rins-upsilon/install/upsilon/share/upsilon/config/localization.yaml
/home/upsilon/colcon_ws/rins-upsilon/install/upsilon/share/upsilon/config/keepout_mask.yaml
/home/upsilon/colcon_ws/rins-upsilon/install/upsilon/share/upsilon/config/upsilon.rviz
/home/upsilon/colcon_ws/rins-upsilon/install/upsilon/share/upsilon/config/nav2.yaml
/home/upsilon/colcon_ws/rins-upsilon/install/upsilon/share/upsilon/map/realMap.pgm
/home/upsilon/colcon_ws/rins-upsilon/install/upsilon/share/upsilon/map/map.pgm
/home/upsilon/colcon_ws/rins-upsilon/install/upsilon/share/upsilon/map/realMap.yaml
/home/upsilon/colcon_ws/rins-upsilon/install/upsilon/share/upsilon/map/map.yaml
/home/upsilon/colcon_ws/rins-upsilon/install/upsilon/share/upsilon/sounds/red.mp3
/home/upsilon/colcon_ws/rins-upsilon/install/upsilon/share/upsilon/sounds/orange.mp3
/home/upsilon/colcon_ws/rins-upsilon/install/upsilon/share/upsilon/sounds/green.mp3
/home/upsilon/colcon_ws/rins-upsilon/install/upsilon/share/upsilon/sounds/hello.mp3
/home/upsilon/colcon_ws/rins-upsilon/install/upsilon/share/upsilon/sounds/blue.mp3
/home/upsilon/colcon_ws/rins-upsilon/install/upsilon/lib/python3.12/site-packages/upsilon-0.1.0-py3.12.egg-info/zip-safe
/home/upsilon/colcon_ws/rins-upsilon/install/upsilon/lib/python3.12/site-packages/upsilon-0.1.0-py3.12.egg-info/dependency_links.txt
/home/upsilon/colcon_ws/rins-upsilon/install/upsilon/lib/python3.12/site-packages/upsilon-0.1.0-py3.12.egg-info/entry_points.txt
/home/upsilon/colcon_ws/rins-upsilon/install/upsilon/lib/python3.12/site-packages/upsilon-0.1.0-py3.12.egg-info/requires.txt
/home/upsilon/colcon_ws/rins-upsilon/install/upsilon/lib/python3.12/site-packages/upsilon-0.1.0-py3.12.egg-info/PKG-INFO
/home/upsilon/colcon_ws/rins-upsilon/install/upsilon/lib/python3.12/site-packages/upsilon-0.1.0-py3.12.egg-info/SOURCES.txt
/home/upsilon/colcon_ws/rins-upsilon/install/upsilon/lib/python3.12/site-packages/upsilon-0.1.0-py3.12.egg-info/top_level.txt
/home/upsilon/colcon_ws/rins-upsilon/install/upsilon/lib/upsilon/blue_line_detector
/home/upsilon/colcon_ws/rins-upsilon/install/upsilon/lib/upsilon/blue_line_follower
/home/upsilon/colcon_ws/rins-upsilon/install/upsilon/lib/upsilon/camera_viewer
/home/upsilon/colcon_ws/rins-upsilon/install/upsilon/lib/upsilon/controller
/home/upsilon/colcon_ws/rins-upsilon/install/upsilon/lib/upsilon/cylinder_detector_task2
/home/upsilon/colcon_ws/rins-upsilon/install/upsilon/lib/upsilon/face_detector
/home/upsilon/colcon_ws/rins-upsilon/install/upsilon/lib/upsilon/face_detector_task2
/home/upsilon/colcon_ws/rins-upsilon/install/upsilon/lib/upsilon/ring_detector
/home/upsilon/colcon_ws/rins-upsilon/install/upsilon/lib/upsilon/ring_detector2
/home/upsilon/colcon_ws/rins-upsilon/install/upsilon/lib/upsilon/ring_detector_task2
/home/upsilon/colcon_ws/rins-upsilon/install/upsilon/lib/upsilon/speech
/home/upsilon/colcon_ws/rins-upsilon/install/upsilon/lib/upsilon/visualizer
/home/upsilon/colcon_ws/rins-upsilon/install/upsilon/lib/upsilon/wasd_teleop
